#
# There is insufficient memory for the Java Runtime Environment to continue.
# Native memory allocation (mmap) failed to map 14680064 bytes for G1 virtual space
# Possible reasons:
#   The system is out of physical RAM or swap space
#   The process is running with CompressedOops enabled, and the Java Heap may be blocking the growth of the native heap
# Possible solutions:
#   Reduce memory load on the system
#   Increase physical memory or swap space
#   Check if swap backing store is full
#   Decrease Java heap size (-Xmx/-Xms)
#   Decrease number of Java threads
#   Decrease Java thread stack sizes (-Xss)
#   Set larger code cache with -XX:ReservedCodeCacheSize=
#   JVM is running with Unscaled Compressed Oops mode in which the Java heap is
#     placed in the first 4GB address space. The Java Heap base address is the
#     maximum limit for the native heap growth. Please use -XX:HeapBaseMinAddress
#     to set the Java Heap base and to place the Java Heap above 4GB virtual address.
# This output file may be truncated or incomplete.
#
#  Out of Memory Error (os_windows.cpp:3548), pid=27300, tid=30812
#
# JRE version: Java(TM) SE Runtime Environment (17.0.10+11) (build 17.0.10+11-LTS-240)
# Java VM: Java HotSpot(TM) 64-Bit Server VM (17.0.10+11-LTS-240, mixed mode, emulated-client, sharing, tiered, compressed oops, compressed class ptrs, g1 gc, windows-amd64)
# No core dump will be written. Minidumps are not enabled by default on client versions of Windows
#

---------------  S U M M A R Y ------------

Command Line: -XX:TieredStopAtLevel=1 -Dspring.output.ansi.enabled=always -Dcom.sun.management.jmxremote -Dspring.jmx.enabled=true -Dspring.liveBeansView.mbeanDomain -Dspring.application.admin.enabled=true -Dmanagement.endpoints.jmx.exposure.include=* -javaagent:C:\Program Files\JetBrains\IntelliJ IDEA 2024.2.3\lib\idea_rt.jar=49632:C:\Program Files\JetBrains\IntelliJ IDEA 2024.2.3\bin -Dfile.encoding=UTF-8 com.TicketManagement.Ticket.TicketApplication

Host: Intel(R) Core(TM) i7-10870H CPU @ 2.20GHz, 16 cores, 7G,  Windows 11 , 64 bit Build 22621 (10.0.22621.4391)
Time: Sun Dec  8 19:52:19 2024 India Standard Time elapsed time: 4.747897 seconds (0d 0h 0m 4s)

---------------  T H R E A D  ---------------

Current thread (0x0000024b7ebf5a60):  VMThread "VM Thread" [stack: 0x000000d05e000000,0x000000d05e100000] [id=30812]

Stack: [0x000000d05e000000,0x000000d05e100000]
Native frames: (J=compiled Java code, j=interpreted, Vv=VM code, C=native code)
V  [jvm.dll+0x677a5a]
V  [jvm.dll+0x7d8b2d]
V  [jvm.dll+0x7da48e]
V  [jvm.dll+0x7daaf3]
V  [jvm.dll+0x2455ff]
V  [jvm.dll+0x6749b9]
V  [jvm.dll+0x669382]
V  [jvm.dll+0x302e96]
V  [jvm.dll+0x30a416]
V  [jvm.dll+0x359cbe]
V  [jvm.dll+0x359eef]
V  [jvm.dll+0x2d9e88]
V  [jvm.dll+0x2d8295]
V  [jvm.dll+0x2d789c]
V  [jvm.dll+0x31b18b]
V  [jvm.dll+0x7df30b]
V  [jvm.dll+0x7e0044]
V  [jvm.dll+0x7e055d]
V  [jvm.dll+0x7e0934]
V  [jvm.dll+0x7e0a00]
V  [jvm.dll+0x78888a]
V  [jvm.dll+0x676935]
C  [ucrtbase.dll+0x29333]
C  [KERNEL32.DLL+0x1259d]
C  [ntdll.dll+0x5af38]

VM_Operation (0x000000d05dafd680): G1CollectForAllocation, mode: safepoint, requested by thread 0x0000024b6c22f010


---------------  P R O C E S S  ---------------

Threads class SMR info:
_java_thread_list=0x0000024b466153e0, length=38, elements={
0x0000024b6c22f010, 0x0000024b7ebfa070, 0x0000024b7ebfc510, 0x0000024b7ec0be60,
0x0000024b7ec0cce0, 0x0000024b7ec0e8b0, 0x0000024b7ec12ab0, 0x0000024b7ec13930,
0x0000024b7ec16690, 0x0000024b7ebe3450, 0x0000024b7ee03f20, 0x0000024b7ee05060,
0x0000024b7f157e00, 0x0000024b7f1582e0, 0x0000024b7f48e9d0, 0x0000024b7f4e9bb0,
0x0000024b7f660a10, 0x0000024b4548e120, 0x0000024b454b44f0, 0x0000024b4581e7c0,
0x0000024b4581ce70, 0x0000024b4581f6f0, 0x0000024b4581c960, 0x0000024b4581dda0,
0x0000024b4581fc00, 0x0000024b4581d380, 0x0000024b4581d890, 0x0000024b4581f1e0,
0x0000024b46646f50, 0x0000024b46647970, 0x0000024b46645b10, 0x0000024b4664ac10,
0x0000024b46646020, 0x0000024b4664a1f0, 0x0000024b46644be0, 0x0000024b466488a0,
0x0000024b46647e80, 0x0000024b46647460
}

Java Threads: ( => current thread )
  0x0000024b6c22f010 JavaThread "main" [_thread_blocked, id=12248, stack(0x000000d05da00000,0x000000d05db00000)]
  0x0000024b7ebfa070 JavaThread "Reference Handler" daemon [_thread_blocked, id=10072, stack(0x000000d05e100000,0x000000d05e200000)]
  0x0000024b7ebfc510 JavaThread "Finalizer" daemon [_thread_blocked, id=26056, stack(0x000000d05e200000,0x000000d05e300000)]
  0x0000024b7ec0be60 JavaThread "Signal Dispatcher" daemon [_thread_blocked, id=21064, stack(0x000000d05e300000,0x000000d05e400000)]
  0x0000024b7ec0cce0 JavaThread "Attach Listener" daemon [_thread_blocked, id=34048, stack(0x000000d05e400000,0x000000d05e500000)]
  0x0000024b7ec0e8b0 JavaThread "Service Thread" daemon [_thread_blocked, id=35196, stack(0x000000d05e500000,0x000000d05e600000)]
  0x0000024b7ec12ab0 JavaThread "Monitor Deflation Thread" daemon [_thread_blocked, id=25968, stack(0x000000d05e600000,0x000000d05e700000)]
  0x0000024b7ec13930 JavaThread "C1 CompilerThread0" daemon [_thread_blocked, id=8008, stack(0x000000d05e700000,0x000000d05e800000)]
  0x0000024b7ec16690 JavaThread "Sweeper thread" daemon [_thread_blocked, id=22548, stack(0x000000d05e800000,0x000000d05e900000)]
  0x0000024b7ebe3450 JavaThread "Common-Cleaner" daemon [_thread_blocked, id=26884, stack(0x000000d05e900000,0x000000d05ea00000)]
  0x0000024b7ee03f20 JavaThread "C1 CompilerThread1" daemon [_thread_blocked, id=25392, stack(0x000000d05ea00000,0x000000d05eb00000)]
  0x0000024b7ee05060 JavaThread "C1 CompilerThread2" daemon [_thread_blocked, id=29144, stack(0x000000d05eb00000,0x000000d05ec00000)]
  0x0000024b7f157e00 JavaThread "Monitor Ctrl-Break" daemon [_thread_in_native, id=23092, stack(0x000000d05ec00000,0x000000d05ed00000)]
  0x0000024b7f1582e0 JavaThread "Notification Thread" daemon [_thread_blocked, id=30148, stack(0x000000d05ed00000,0x000000d05ee00000)]
  0x0000024b7f48e9d0 JavaThread "RMI TCP Accept-0" daemon [_thread_in_native, id=16212, stack(0x000000d05ee00000,0x000000d05ef00000)]
  0x0000024b7f4e9bb0 JavaThread "C1 CompilerThread3" daemon [_thread_blocked, id=600, stack(0x000000d05f000000,0x000000d05f100000)]
  0x0000024b7f660a10 JavaThread "C1 CompilerThread4" daemon [_thread_blocked, id=17468, stack(0x000000d05f100000,0x000000d05f200000)]
  0x0000024b4548e120 JavaThread "RMI TCP Connection(2)-192.168.1.216" daemon [_thread_in_native, id=37860, stack(0x000000d05fd00000,0x000000d05fe00000)]
  0x0000024b454b44f0 JavaThread "RMI Scheduler(0)" daemon [_thread_blocked, id=18220, stack(0x000000d05fe00000,0x000000d05ff00000)]
  0x0000024b4581e7c0 JavaThread "RMI TCP Connection(3)-192.168.1.216" daemon [_thread_blocked, id=34672, stack(0x000000d060200000,0x000000d060300000)]
  0x0000024b4581ce70 JavaThread "Catalina-utility-1" [_thread_blocked, id=348, stack(0x000000d060300000,0x000000d060400000)]
  0x0000024b4581f6f0 JavaThread "Catalina-utility-2" [_thread_blocked, id=5928, stack(0x000000d060400000,0x000000d060500000)]
  0x0000024b4581c960 JavaThread "container-0" [_thread_blocked, id=16640, stack(0x000000d060500000,0x000000d060600000)]
  0x0000024b4581dda0 JavaThread "mysql-cj-abandoned-connection-cleanup" daemon [_thread_blocked, id=20720, stack(0x000000d060600000,0x000000d060700000)]
  0x0000024b4581fc00 JavaThread "HikariPool-1 housekeeper" daemon [_thread_blocked, id=31056, stack(0x000000d060800000,0x000000d060900000)]
  0x0000024b4581d380 JavaThread "HikariPool-1 connection adder" daemon [_thread_blocked, id=34268, stack(0x000000d060900000,0x000000d060a00000)]
  0x0000024b4581d890 JavaThread "http-nio-8082-exec-1" daemon [_thread_blocked, id=32976, stack(0x000000d060a00000,0x000000d060b00000)]
  0x0000024b4581f1e0 JavaThread "http-nio-8082-exec-2" daemon [_thread_blocked, id=18040, stack(0x000000d060b00000,0x000000d060c00000)]
  0x0000024b46646f50 JavaThread "http-nio-8082-exec-3" daemon [_thread_blocked, id=9096, stack(0x000000d060c00000,0x000000d060d00000)]
  0x0000024b46647970 JavaThread "http-nio-8082-exec-4" daemon [_thread_blocked, id=33608, stack(0x000000d060d00000,0x000000d060e00000)]
  0x0000024b46645b10 JavaThread "http-nio-8082-exec-5" daemon [_thread_blocked, id=28608, stack(0x000000d060e00000,0x000000d060f00000)]
  0x0000024b4664ac10 JavaThread "http-nio-8082-exec-6" daemon [_thread_blocked, id=13996, stack(0x000000d060f00000,0x000000d061000000)]
  0x0000024b46646020 JavaThread "http-nio-8082-exec-7" daemon [_thread_blocked, id=19104, stack(0x000000d061000000,0x000000d061100000)]
  0x0000024b4664a1f0 JavaThread "http-nio-8082-exec-8" daemon [_thread_blocked, id=28512, stack(0x000000d061100000,0x000000d061200000)]
  0x0000024b46644be0 JavaThread "http-nio-8082-exec-9" daemon [_thread_blocked, id=36672, stack(0x000000d061200000,0x000000d061300000)]
  0x0000024b466488a0 JavaThread "http-nio-8082-exec-10" daemon [_thread_blocked, id=3868, stack(0x000000d061300000,0x000000d061400000)]
  0x0000024b46647e80 JavaThread "http-nio-8082-Poller" daemon [_thread_in_native, id=32408, stack(0x000000d061400000,0x000000d061500000)]
  0x0000024b46647460 JavaThread "http-nio-8082-Acceptor" daemon [_thread_in_native, id=23872, stack(0x000000d061500000,0x000000d061600000)]

Other Threads:
=>0x0000024b7ebf5a60 VMThread "VM Thread" [stack: 0x000000d05e000000,0x000000d05e100000] [id=30812]
  0x0000024b6c2300a0 WatcherThread [stack: 0x000000d05ef00000,0x000000d05f000000] [id=34928]
  0x0000024b6c28bd50 GCTaskThread "GC Thread#0" [stack: 0x000000d05db00000,0x000000d05dc00000] [id=20420]
  0x0000024b7f71f390 GCTaskThread "GC Thread#1" [stack: 0x000000d05f200000,0x000000d05f300000] [id=11960]
  0x0000024b7f707c30 GCTaskThread "GC Thread#2" [stack: 0x000000d05f300000,0x000000d05f400000] [id=28624]
  0x0000024b7f7627f0 GCTaskThread "GC Thread#3" [stack: 0x000000d05f400000,0x000000d05f500000] [id=20044]
  0x0000024b7f762ab0 GCTaskThread "GC Thread#4" [stack: 0x000000d05f500000,0x000000d05f600000] [id=18348]
  0x0000024b7f762d70 GCTaskThread "GC Thread#5" [stack: 0x000000d05f600000,0x000000d05f700000] [id=35808]
  0x0000024b7f763440 GCTaskThread "GC Thread#6" [stack: 0x000000d05f700000,0x000000d05f800000] [id=14196]
  0x0000024b7f763700 GCTaskThread "GC Thread#7" [stack: 0x000000d05f800000,0x000000d05f900000] [id=20260]
  0x0000024b45099db0 GCTaskThread "GC Thread#8" [stack: 0x000000d05fa00000,0x000000d05fb00000] [id=34896]
  0x0000024b4509a070 GCTaskThread "GC Thread#9" [stack: 0x000000d05fb00000,0x000000d05fc00000] [id=36304]
  0x0000024b4509cf70 GCTaskThread "GC Thread#10" [stack: 0x000000d05fc00000,0x000000d05fd00000] [id=18484]
  0x0000024b4548ab20 GCTaskThread "GC Thread#11" [stack: 0x000000d05f900000,0x000000d05fa00000] [id=17796]
  0x0000024b4558c080 GCTaskThread "GC Thread#12" [stack: 0x000000d05ff00000,0x000000d060000000] [id=3708]
  0x0000024b6c29c760 ConcurrentGCThread "G1 Main Marker" [stack: 0x000000d05dc00000,0x000000d05dd00000] [id=20680]
  0x0000024b6c29d170 ConcurrentGCThread "G1 Conc#0" [stack: 0x000000d05dd00000,0x000000d05de00000] [id=16968]
  0x0000024b7f48e6f0 ConcurrentGCThread "G1 Conc#1" [stack: 0x000000d060000000,0x000000d060100000] [id=36472]
  0x0000024b4567db00 ConcurrentGCThread "G1 Conc#2" [stack: 0x000000d060100000,0x000000d060200000] [id=6968]
  0x0000024b6c2eec10 ConcurrentGCThread "G1 Refine#0" [stack: 0x000000d05de00000,0x000000d05df00000] [id=31044]
  0x0000024b7eab0c90 ConcurrentGCThread "G1 Service" [stack: 0x000000d05df00000,0x000000d05e000000] [id=5516]

Threads with active compile tasks:
C1 CompilerThread4     4781 5679       1       java.util.regex.Pattern::group0 (1098 bytes)

VM state: at safepoint (normal execution)

VM Mutex/Monitor currently owned by a thread:  ([mutex/lock_event])
[0x0000024b6c22bf10] Threads_lock - owner thread: 0x0000024b7ebf5a60
[0x0000024b6c22bd60] Heap_lock - owner thread: 0x0000024b6c22f010

Heap address: 0x0000000082a00000, size: 2006 MB, Compressed Oops mode: 32-bit

CDS archive(s) mapped at: [0x0000024b00000000-0x0000024b00bd0000-0x0000024b00bd0000), size 12386304, SharedBaseAddress: 0x0000024b00000000, ArchiveRelocationMode: 1.
Compressed class space mapped at: 0x0000024b01000000-0x0000024b41000000, reserved size: 1073741824
Narrow klass base: 0x0000024b00000000, Narrow klass shift: 0, Narrow klass range: 0x100000000

GC Precious Log:
 CPUs: 16 total, 16 available
 Memory: 8023M
 Large Page Support: Disabled
 NUMA Support: Disabled
 Compressed Oops: Enabled (32-bit)
 Heap Region Size: 1M
 Heap Min Capacity: 8M
 Heap Initial Capacity: 126M
 Heap Max Capacity: 2006M
 Pre-touch: Disabled
 Parallel Workers: 13
 Concurrent Workers: 3
 Concurrent Refinement Workers: 13
 Periodic GC: Disabled

Heap:
 garbage-first heap   total 71680K, used 29308K [0x0000000082a00000, 0x0000000100000000)
  region size 1024K, 3 young (3072K), 3 survivors (3072K)
 Metaspace       used 58081K, committed 58496K, reserved 1114112K
  class space    used 8302K, committed 8512K, reserved 1048576K

Heap Regions: E=young(eden), S=young(survivor), O=old, HS=humongous(starts), HC=humongous(continues), CS=collection set, F=free, OA=open archive, CA=closed archive, TAMS=top-at-mark-start (previous, next)
|   0|0x0000000082a00000, 0x0000000082b00000, 0x0000000082b00000|100%|HS|  |TAMS 0x0000000082b00000, 0x0000000082a00000| Complete 
|   1|0x0000000082b00000, 0x0000000082c00000, 0x0000000082c00000|100%| O|  |TAMS 0x0000000082c00000, 0x0000000082b00000| Untracked 
|   2|0x0000000082c00000, 0x0000000082d00000, 0x0000000082d00000|100%| O|  |TAMS 0x0000000082d00000, 0x0000000082c00000| Untracked 
|   3|0x0000000082d00000, 0x0000000082e00000, 0x0000000082e00000|100%| O|  |TAMS 0x0000000082e00000, 0x0000000082d00000| Untracked 
|   4|0x0000000082e00000, 0x0000000082f00000, 0x0000000082f00000|100%| O|  |TAMS 0x0000000082f00000, 0x0000000082e00000| Untracked 
|   5|0x0000000082f00000, 0x0000000083000000, 0x0000000083000000|100%| O|  |TAMS 0x0000000083000000, 0x0000000082f00000| Untracked 
|   6|0x0000000083000000, 0x0000000083100000, 0x0000000083100000|100%| O|  |TAMS 0x0000000083100000, 0x0000000083000000| Untracked 
|   7|0x0000000083100000, 0x0000000083200000, 0x0000000083200000|100%| O|  |TAMS 0x0000000083100000, 0x0000000083100000| Untracked 
|   8|0x0000000083200000, 0x0000000083300000, 0x0000000083300000|100%| O|  |TAMS 0x0000000083300000, 0x0000000083200000| Untracked 
|   9|0x0000000083300000, 0x0000000083400000, 0x0000000083400000|100%| O|  |TAMS 0x0000000083400000, 0x0000000083300000| Untracked 
|  10|0x0000000083400000, 0x0000000083500000, 0x0000000083500000|100%| O|  |TAMS 0x0000000083500000, 0x0000000083400000| Untracked 
|  11|0x0000000083500000, 0x0000000083600000, 0x0000000083600000|100%| O|  |TAMS 0x0000000083600000, 0x0000000083500000| Untracked 
|  12|0x0000000083600000, 0x0000000083700000, 0x0000000083700000|100%| O|  |TAMS 0x0000000083700000, 0x0000000083600000| Untracked 
|  13|0x0000000083700000, 0x0000000083800000, 0x0000000083800000|100%| O|  |TAMS 0x0000000083700000, 0x0000000083700000| Untracked 
|  14|0x0000000083800000, 0x0000000083900000, 0x0000000083900000|100%| O|  |TAMS 0x0000000083800000, 0x0000000083800000| Untracked 
|  15|0x0000000083900000, 0x0000000083a00000, 0x0000000083a00000|100%| O|  |TAMS 0x0000000083900000, 0x0000000083900000| Untracked 
|  16|0x0000000083a00000, 0x0000000083b00000, 0x0000000083b00000|100%| O|  |TAMS 0x0000000083a00000, 0x0000000083a00000| Untracked 
|  17|0x0000000083b00000, 0x0000000083c00000, 0x0000000083c00000|100%| O|  |TAMS 0x0000000083b00000, 0x0000000083b00000| Untracked 
|  18|0x0000000083c00000, 0x0000000083d00000, 0x0000000083d00000|100%| O|  |TAMS 0x0000000083d00000, 0x0000000083c00000| Untracked 
|  19|0x0000000083d00000, 0x0000000083e00000, 0x0000000083e00000|100%| O|  |TAMS 0x0000000083e00000, 0x0000000083d00000| Untracked 
|  20|0x0000000083e00000, 0x0000000083e40c00, 0x0000000083f00000| 25%| O|  |TAMS 0x0000000083e40c00, 0x0000000083e00000| Untracked 
|  21|0x0000000083f00000, 0x0000000084000000, 0x0000000084000000|100%| O|  |TAMS 0x0000000083f00000, 0x0000000083f00000| Untracked 
|  22|0x0000000084000000, 0x0000000084100000, 0x0000000084100000|100%| O|  |TAMS 0x0000000084000000, 0x0000000084000000| Untracked 
|  23|0x0000000084100000, 0x0000000084200000, 0x0000000084200000|100%| O|  |TAMS 0x0000000084100000, 0x0000000084100000| Untracked 
|  24|0x0000000084200000, 0x00000000842da000, 0x0000000084300000| 85%| O|  |TAMS 0x0000000084200000, 0x0000000084200000| Untracked 
|  25|0x0000000084300000, 0x0000000084300000, 0x0000000084400000|  0%| F|  |TAMS 0x0000000084300000, 0x0000000084300000| Untracked 
|  26|0x0000000084400000, 0x0000000084400000, 0x0000000084500000|  0%| F|  |TAMS 0x0000000084400000, 0x0000000084400000| Untracked 
|  27|0x0000000084500000, 0x0000000084500000, 0x0000000084600000|  0%| F|  |TAMS 0x0000000084500000, 0x0000000084500000| Untracked 
|  28|0x0000000084600000, 0x0000000084700000, 0x0000000084700000|100%| O|  |TAMS 0x0000000084600000, 0x0000000084600000| Untracked 
|  29|0x0000000084700000, 0x0000000084800000, 0x0000000084800000|100%| O|  |TAMS 0x0000000084700000, 0x0000000084700000| Untracked 
|  30|0x0000000084800000, 0x0000000084800000, 0x0000000084900000|  0%| F|  |TAMS 0x0000000084800000, 0x0000000084800000| Untracked 
|  31|0x0000000084900000, 0x0000000084900000, 0x0000000084a00000|  0%| F|  |TAMS 0x0000000084900000, 0x0000000084900000| Untracked 
|  32|0x0000000084a00000, 0x0000000084a00000, 0x0000000084b00000|  0%| F|  |TAMS 0x0000000084a00000, 0x0000000084a00000| Untracked 
|  33|0x0000000084b00000, 0x0000000084b00000, 0x0000000084c00000|  0%| F|  |TAMS 0x0000000084b00000, 0x0000000084b00000| Untracked 
|  34|0x0000000084c00000, 0x0000000084c00000, 0x0000000084d00000|  0%| F|  |TAMS 0x0000000084c00000, 0x0000000084c00000| Untracked 
|  35|0x0000000084d00000, 0x0000000084d00000, 0x0000000084e00000|  0%| F|  |TAMS 0x0000000084d00000, 0x0000000084d00000| Untracked 
|  36|0x0000000084e00000, 0x0000000084e00000, 0x0000000084f00000|  0%| F|  |TAMS 0x0000000084e00000, 0x0000000084e00000| Untracked 
|  37|0x0000000084f00000, 0x0000000084f00000, 0x0000000085000000|  0%| F|  |TAMS 0x0000000084f00000, 0x0000000084f00000| Untracked 
|  38|0x0000000085000000, 0x0000000085000000, 0x0000000085100000|  0%| F|  |TAMS 0x0000000085000000, 0x0000000085000000| Untracked 
|  39|0x0000000085100000, 0x00000000851844b0, 0x0000000085200000| 51%| S|CS|TAMS 0x0000000085100000, 0x0000000085100000| Complete 
|  40|0x0000000085200000, 0x0000000085300000, 0x0000000085300000|100%| S|CS|TAMS 0x0000000085200000, 0x0000000085200000| Complete 
|  41|0x0000000085300000, 0x0000000085300000, 0x0000000085400000|  0%| F|  |TAMS 0x0000000085300000, 0x0000000085300000| Untracked 
|  42|0x0000000085400000, 0x0000000085500000, 0x0000000085500000|100%| S|CS|TAMS 0x0000000085400000, 0x0000000085400000| Complete 
|  43|0x0000000085500000, 0x0000000085500000, 0x0000000085600000|  0%| F|  |TAMS 0x0000000085500000, 0x0000000085500000| Untracked 
|  44|0x0000000085600000, 0x0000000085600000, 0x0000000085700000|  0%| F|  |TAMS 0x0000000085600000, 0x0000000085600000| Untracked 
|  45|0x0000000085700000, 0x0000000085700000, 0x0000000085800000|  0%| F|  |TAMS 0x0000000085700000, 0x0000000085700000| Untracked 
|  46|0x0000000085800000, 0x0000000085800000, 0x0000000085900000|  0%| F|  |TAMS 0x0000000085800000, 0x0000000085800000| Untracked 
|  47|0x0000000085900000, 0x0000000085900000, 0x0000000085a00000|  0%| F|  |TAMS 0x0000000085900000, 0x0000000085900000| Untracked 
|  48|0x0000000085a00000, 0x0000000085a00000, 0x0000000085b00000|  0%| F|  |TAMS 0x0000000085a00000, 0x0000000085a00000| Untracked 
|  49|0x0000000085b00000, 0x0000000085b00000, 0x0000000085c00000|  0%| F|  |TAMS 0x0000000085b00000, 0x0000000085b00000| Untracked 
|  50|0x0000000085c00000, 0x0000000085c00000, 0x0000000085d00000|  0%| F|  |TAMS 0x0000000085c00000, 0x0000000085c00000| Untracked 
|  51|0x0000000085d00000, 0x0000000085d00000, 0x0000000085e00000|  0%| F|  |TAMS 0x0000000085d00000, 0x0000000085d00000| Untracked 
|  52|0x0000000085e00000, 0x0000000085e00000, 0x0000000085f00000|  0%| F|  |TAMS 0x0000000085e00000, 0x0000000085e00000| Untracked 
|  53|0x0000000085f00000, 0x0000000085f00000, 0x0000000086000000|  0%| F|  |TAMS 0x0000000085f00000, 0x0000000085f00000| Untracked 
|  54|0x0000000086000000, 0x0000000086000000, 0x0000000086100000|  0%| F|  |TAMS 0x0000000086000000, 0x0000000086000000| Untracked 
|  55|0x0000000086100000, 0x0000000086100000, 0x0000000086200000|  0%| F|  |TAMS 0x0000000086100000, 0x0000000086100000| Untracked 
|  56|0x0000000086200000, 0x0000000086200000, 0x0000000086300000|  0%| F|  |TAMS 0x0000000086200000, 0x0000000086200000| Untracked 
|  57|0x0000000086300000, 0x0000000086300000, 0x0000000086400000|  0%| F|  |TAMS 0x0000000086300000, 0x0000000086300000| Untracked 
|  58|0x0000000086400000, 0x0000000086400000, 0x0000000086500000|  0%| F|  |TAMS 0x0000000086400000, 0x0000000086400000| Untracked 
|  59|0x0000000086500000, 0x0000000086500000, 0x0000000086600000|  0%| F|  |TAMS 0x0000000086500000, 0x0000000086500000| Untracked 
|  60|0x0000000086600000, 0x0000000086600000, 0x0000000086700000|  0%| F|  |TAMS 0x0000000086600000, 0x0000000086600000| Untracked 
|  61|0x0000000086700000, 0x0000000086700000, 0x0000000086800000|  0%| F|  |TAMS 0x0000000086700000, 0x0000000086700000| Untracked 
|  62|0x0000000086800000, 0x0000000086800000, 0x0000000086900000|  0%| F|  |TAMS 0x0000000086800000, 0x0000000086800000| Untracked 
|  63|0x0000000086900000, 0x0000000086900000, 0x0000000086a00000|  0%| F|  |TAMS 0x0000000086900000, 0x0000000086900000| Untracked 
|  64|0x0000000086a00000, 0x0000000086a00000, 0x0000000086b00000|  0%| F|  |TAMS 0x0000000086a00000, 0x0000000086a00000| Untracked 
|  65|0x0000000086b00000, 0x0000000086b00000, 0x0000000086c00000|  0%| F|  |TAMS 0x0000000086b00000, 0x0000000086b00000| Untracked 
|  66|0x0000000086c00000, 0x0000000086c00000, 0x0000000086d00000|  0%| F|  |TAMS 0x0000000086c00000, 0x0000000086c00000| Untracked 
|  67|0x0000000086d00000, 0x0000000086d00000, 0x0000000086e00000|  0%| F|  |TAMS 0x0000000086d00000, 0x0000000086d00000| Untracked 
|  68|0x0000000086e00000, 0x0000000086e00000, 0x0000000086f00000|  0%| F|  |TAMS 0x0000000086e00000, 0x0000000086e00000| Untracked 
| 125|0x000000008a700000, 0x000000008a700000, 0x000000008a800000|  0%| F|  |TAMS 0x000000008a700000, 0x000000008a700000| Untracked 

Card table byte_map: [0x0000024b77520000,0x0000024b77910000] _byte_map_base: 0x0000024b7710b000

Marking Bits (Prev, Next): (CMBitMap*) 0x0000024b6c28c370, (CMBitMap*) 0x0000024b6c28c3b0
 Prev Bits: [0x0000024b77d00000, 0x0000024b79c58000)
 Next Bits: [0x0000024b79c60000, 0x0000024b7bbb8000)

Polling page: 0x0000024b6a210000

Metaspace:

Usage:
  Non-class:     48.61 MB used.
      Class:      8.11 MB used.
       Both:     56.72 MB used.

Virtual space:
  Non-class space:       64.00 MB reserved,      48.81 MB ( 76%) committed,  1 nodes.
      Class space:        1.00 GB reserved,       8.31 MB ( <1%) committed,  1 nodes.
             Both:        1.06 GB reserved,      57.12 MB (  5%) committed. 

Chunk freelists:
   Non-Class:  14.27 MB
       Class:  7.72 MB
        Both:  21.98 MB

MaxMetaspaceSize: unlimited
CompressedClassSpaceSize: 1.00 GB
Initial GC threshold: 21.00 MB
Current GC threshold: 58.75 MB
CDS: on
MetaspaceReclaimPolicy: balanced
 - commit_granule_bytes: 65536.
 - commit_granule_words: 8192.
 - virtual_space_node_default_size: 8388608.
 - enlarge_chunks_in_place: 1.
 - new_chunks_are_fully_committed: 0.
 - uncommit_free_chunks: 1.
 - use_allocation_guard: 0.
 - handle_deallocations: 1.


Internal statistics:

num_allocs_failed_limit: 6.
num_arena_births: 468.
num_arena_deaths: 0.
num_vsnodes_births: 2.
num_vsnodes_deaths: 0.
num_space_committed: 914.
num_space_uncommitted: 0.
num_chunks_returned_to_freelist: 6.
num_chunks_taken_from_freelist: 2458.
num_chunk_merges: 6.
num_chunk_splits: 1776.
num_chunks_enlarged: 1427.
num_inconsistent_stats: 0.

CodeCache: size=49152Kb used=12720Kb max_used=12720Kb free=36432Kb
 bounds [0x0000024b73ad0000, 0x0000024b74740000, 0x0000024b76ad0000]
 total_blobs=6347 nmethods=5698 adapters=572
 compilation: enabled
              stopped_count=0, restarted_count=0
 full_count=0

Compilation events (20 events):
Event: 4.736 Thread 0x0000024b7ee05060 nmethod 5689 0x0000024b74739510 code [0x0000024b747396a0, 0x0000024b747397e8]
Event: 4.736 Thread 0x0000024b7f4e9bb0 nmethod 5690 0x0000024b74739890 code [0x0000024b74739a20, 0x0000024b74739af8]
Event: 4.736 Thread 0x0000024b7f4e9bb0 5691       1       com.fasterxml.classmate.ResolvedType::getTypeParameters (8 bytes)
Event: 4.736 Thread 0x0000024b7ec13930 5692       1       com.google.common.collect.Collections2::cast (5 bytes)
Event: 4.736 Thread 0x0000024b7ec13930 nmethod 5692 0x0000024b74739b90 code [0x0000024b74739d20, 0x0000024b74739e18]
Event: 4.736 Thread 0x0000024b7ec13930 5693       1       java.util.regex.Pattern::findSupplementary (29 bytes)
Event: 4.736 Thread 0x0000024b7f4e9bb0 nmethod 5691 0x0000024b74739e90 code [0x0000024b7473a040, 0x0000024b7473a2c8]
Event: 4.736 Thread 0x0000024b7f4e9bb0 5694       1       springfox.documentation.spi.DocumentationType::equals (59 bytes)
Event: 4.736 Thread 0x0000024b7ec13930 nmethod 5693 0x0000024b7473a410 code [0x0000024b7473a5a0, 0x0000024b7473a758]
Event: 4.737 Thread 0x0000024b7ee05060 5695       1       com.google.common.base.Absent::isPresent (2 bytes)
Event: 4.737 Thread 0x0000024b7f4e9bb0 nmethod 5694 0x0000024b7473a890 code [0x0000024b7473aa60, 0x0000024b7473ad08]
Event: 4.737 Thread 0x0000024b7ee05060 nmethod 5695 0x0000024b7473ae10 code [0x0000024b7473afa0, 0x0000024b7473b078]
Event: 4.737 Thread 0x0000024b7ee05060 5696       1       com.fasterxml.classmate.ResolvedType::equals (54 bytes)
Event: 4.737 Thread 0x0000024b7ee03f20 5697       1       springfox.documentation.schema.WildcardType::isWildcardType (10 bytes)
Event: 4.737 Thread 0x0000024b7ee05060 nmethod 5696 0x0000024b7473b110 code [0x0000024b7473b2c0, 0x0000024b7473b4e8]
Event: 4.737 Thread 0x0000024b7ee03f20 nmethod 5697 0x0000024b7473b610 code [0x0000024b7473b7a0, 0x0000024b7473b878]
Event: 4.737 Thread 0x0000024b7ee05060 5698       1       com.google.common.base.Absent::or (7 bytes)
Event: 4.737 Thread 0x0000024b7ee05060 nmethod 5698 0x0000024b7473b910 code [0x0000024b7473baa0, 0x0000024b7473bc08]
Event: 4.737 Thread 0x0000024b7ee05060 5699       1       springfox.documentation.spi.service.contexts.OperationContext::operationBuilder (5 bytes)
Event: 4.737 Thread 0x0000024b7ee05060 nmethod 5699 0x0000024b7473bd10 code [0x0000024b7473bea0, 0x0000024b7473bf78]

GC Heap History (20 events):
Event: 0.632 GC heap after
{Heap after GC invocations=1 (full 0):
 garbage-first heap   total 129024K, used 7890K [0x0000000082a00000, 0x0000000100000000)
  region size 1024K, 3 young (3072K), 3 survivors (3072K)
 Metaspace       used 7210K, committed 7360K, reserved 1114112K
  class space    used 906K, committed 960K, reserved 1048576K
}
Event: 0.928 GC heap before
{Heap before GC invocations=1 (full 0):
 garbage-first heap   total 129024K, used 33490K [0x0000000082a00000, 0x0000000100000000)
  region size 1024K, 29 young (29696K), 3 survivors (3072K)
 Metaspace       used 12879K, committed 13120K, reserved 1114112K
  class space    used 1792K, committed 1920K, reserved 1048576K
}
Event: 0.932 GC heap after
{Heap after GC invocations=2 (full 0):
 garbage-first heap   total 129024K, used 9955K [0x0000000082a00000, 0x0000000100000000)
  region size 1024K, 2 young (2048K), 2 survivors (2048K)
 Metaspace       used 12879K, committed 13120K, reserved 1114112K
  class space    used 1792K, committed 1920K, reserved 1048576K
}
Event: 1.267 GC heap before
{Heap before GC invocations=2 (full 0):
 garbage-first heap   total 129024K, used 64227K [0x0000000082a00000, 0x0000000100000000)
  region size 1024K, 57 young (58368K), 2 survivors (2048K)
 Metaspace       used 21240K, committed 21504K, reserved 1114112K
  class space    used 2919K, committed 3072K, reserved 1048576K
}
Event: 1.273 GC heap after
{Heap after GC invocations=3 (full 0):
 garbage-first heap   total 129024K, used 13688K [0x0000000082a00000, 0x0000000100000000)
  region size 1024K, 6 young (6144K), 6 survivors (6144K)
 Metaspace       used 21240K, committed 21504K, reserved 1114112K
  class space    used 2919K, committed 3072K, reserved 1048576K
}
Event: 1.569 GC heap before
{Heap before GC invocations=4 (full 0):
 garbage-first heap   total 51200K, used 39288K [0x0000000082a00000, 0x0000000100000000)
  region size 1024K, 32 young (32768K), 6 survivors (6144K)
 Metaspace       used 23790K, committed 24128K, reserved 1114112K
  class space    used 3327K, committed 3520K, reserved 1048576K
}
Event: 1.578 GC heap after
{Heap after GC invocations=5 (full 0):
 garbage-first heap   total 51200K, used 14855K [0x0000000082a00000, 0x0000000100000000)
  region size 1024K, 5 young (5120K), 5 survivors (5120K)
 Metaspace       used 23790K, committed 24128K, reserved 1114112K
  class space    used 3327K, committed 3520K, reserved 1048576K
}
Event: 1.589 GC heap before
{Heap before GC invocations=5 (full 0):
 garbage-first heap   total 51200K, used 15879K [0x0000000082a00000, 0x0000000100000000)
  region size 1024K, 6 young (6144K), 5 survivors (5120K)
 Metaspace       used 23894K, committed 24192K, reserved 1114112K
  class space    used 3339K, committed 3520K, reserved 1048576K
}
Event: 1.595 GC heap after
{Heap after GC invocations=6 (full 0):
 garbage-first heap   total 51200K, used 15561K [0x0000000082a00000, 0x0000000100000000)
  region size 1024K, 1 young (1024K), 1 survivors (1024K)
 Metaspace       used 23894K, committed 24192K, reserved 1114112K
  class space    used 3339K, committed 3520K, reserved 1048576K
}
Event: 1.917 GC heap before
{Heap before GC invocations=6 (full 0):
 garbage-first heap   total 51200K, used 33993K [0x0000000082a00000, 0x0000000100000000)
  region size 1024K, 20 young (20480K), 1 survivors (1024K)
 Metaspace       used 26957K, committed 27264K, reserved 1114112K
  class space    used 3831K, committed 3968K, reserved 1048576K
}
Event: 1.927 GC heap after
{Heap after GC invocations=7 (full 0):
 garbage-first heap   total 102400K, used 16895K [0x0000000082a00000, 0x0000000100000000)
  region size 1024K, 3 young (3072K), 3 survivors (3072K)
 Metaspace       used 26957K, committed 27264K, reserved 1114112K
  class space    used 3831K, committed 3968K, reserved 1048576K
}
Event: 2.641 GC heap before
{Heap before GC invocations=7 (full 0):
 garbage-first heap   total 102400K, used 61951K [0x0000000082a00000, 0x0000000100000000)
  region size 1024K, 48 young (49152K), 3 survivors (3072K)
 Metaspace       used 35622K, committed 35968K, reserved 1114112K
  class space    used 5130K, committed 5312K, reserved 1048576K
}
Event: 2.647 GC heap after
{Heap after GC invocations=8 (full 0):
 garbage-first heap   total 102400K, used 19699K [0x0000000082a00000, 0x0000000100000000)
  region size 1024K, 5 young (5120K), 5 survivors (5120K)
 Metaspace       used 35622K, committed 35968K, reserved 1114112K
  class space    used 5130K, committed 5312K, reserved 1048576K
}
Event: 3.480 GC heap before
{Heap before GC invocations=9 (full 0):
 garbage-first heap   total 71680K, used 57587K [0x0000000082a00000, 0x0000000100000000)
  region size 1024K, 42 young (43008K), 5 survivors (5120K)
 Metaspace       used 47171K, committed 47552K, reserved 1114112K
  class space    used 6660K, committed 6848K, reserved 1048576K
}
Event: 3.488 GC heap after
{Heap after GC invocations=10 (full 0):
 garbage-first heap   total 71680K, used 22893K [0x0000000082a00000, 0x0000000100000000)
  region size 1024K, 6 young (6144K), 6 survivors (6144K)
 Metaspace       used 47171K, committed 47552K, reserved 1114112K
  class space    used 6660K, committed 6848K, reserved 1048576K
}
Event: 4.037 GC heap before
{Heap before GC invocations=10 (full 0):
 garbage-first heap   total 71680K, used 52589K [0x0000000082a00000, 0x0000000100000000)
  region size 1024K, 35 young (35840K), 6 survivors (6144K)
 Metaspace       used 52630K, committed 52992K, reserved 1114112K
  class space    used 7505K, committed 7680K, reserved 1048576K
}
Event: 4.043 GC heap after
{Heap after GC invocations=11 (full 0):
 garbage-first heap   total 71680K, used 25186K [0x0000000082a00000, 0x0000000100000000)
  region size 1024K, 3 young (3072K), 3 survivors (3072K)
 Metaspace       used 52630K, committed 52992K, reserved 1114112K
  class space    used 7505K, committed 7680K, reserved 1048576K
}
Event: 4.382 GC heap before
{Heap before GC invocations=11 (full 0):
 garbage-first heap   total 71680K, used 53858K [0x0000000082a00000, 0x0000000100000000)
  region size 1024K, 31 young (31744K), 3 survivors (3072K)
 Metaspace       used 55204K, committed 55552K, reserved 1114112K
  class space    used 7872K, committed 8064K, reserved 1048576K
}
Event: 4.386 GC heap after
{Heap after GC invocations=12 (full 0):
 garbage-first heap   total 71680K, used 26876K [0x0000000082a00000, 0x0000000100000000)
  region size 1024K, 4 young (4096K), 4 survivors (4096K)
 Metaspace       used 55204K, committed 55552K, reserved 1114112K
  class space    used 7872K, committed 8064K, reserved 1048576K
}
Event: 4.738 GC heap before
{Heap before GC invocations=12 (full 0):
 garbage-first heap   total 71680K, used 54524K [0x0000000082a00000, 0x0000000100000000)
  region size 1024K, 31 young (31744K), 4 survivors (4096K)
 Metaspace       used 58081K, committed 58496K, reserved 1114112K
  class space    used 8302K, committed 8512K, reserved 1048576K
}

Deoptimization events (8 events):
Event: 1.514 Thread 0x0000024b6c22f010 DEOPT PACKING pc=0x0000024b741376a4 sp=0x000000d05dafdcf0
Event: 1.514 Thread 0x0000024b6c22f010 DEOPT UNPACKING pc=0x0000024b73b22b43 sp=0x000000d05dafd248 mode 0
Event: 2.244 Thread 0x0000024b6c22f010 DEOPT PACKING pc=0x0000024b740f1e81 sp=0x000000d05dafecc0
Event: 2.244 Thread 0x0000024b6c22f010 DEOPT UNPACKING pc=0x0000024b73b22b43 sp=0x000000d05dafe150 mode 3
Event: 2.244 Thread 0x0000024b4581f6f0 DEOPT PACKING pc=0x0000024b740cd597 sp=0x000000d0604ff310
Event: 2.244 Thread 0x0000024b4581f6f0 DEOPT UNPACKING pc=0x0000024b73b22b43 sp=0x000000d0604fe768 mode 3
Event: 4.397 Thread 0x0000024b6c22f010 DEOPT PACKING pc=0x0000024b740da5aa sp=0x000000d05dafd710
Event: 4.397 Thread 0x0000024b6c22f010 DEOPT UNPACKING pc=0x0000024b73b22b43 sp=0x000000d05dafcc18 mode 3

Classes unloaded (0 events):
No events

Classes redefined (0 events):
No events

Internal exceptions (20 events):
Event: 4.235 Thread 0x0000024b6c22f010 Exception <a 'java/lang/ClassNotFoundException'{0x0000000085d564a0}: org/springframework/web/servlet/config/annotation/WebMvcConfigurationSupportCustomizer> (0x0000000085d564a0) 
thrown [s\open\src\hotspot\share\classfile\systemDictionary.cpp, line 256]
Event: 4.235 Thread 0x0000024b6c22f010 Exception <a 'java/lang/ClassNotFoundException'{0x0000000085d6b6e0}: org/springframework/web/servlet/config/annotation/DelegatingWebMvcConfigurationCustomizer> (0x0000000085d6b6e0) 
thrown [s\open\src\hotspot\share\classfile\systemDictionary.cpp, line 256]
Event: 4.235 Thread 0x0000024b6c22f010 Exception <a 'java/lang/ClassNotFoundException'{0x0000000085d75bf8}: org/springframework/boot/autoconfigure/web/servlet/WebMvcAutoConfiguration$EnableWebMvcConfigurationCustomizer> (0x0000000085d75bf8) 
thrown [s\open\src\hotspot\share\classfile\systemDictionary.cpp, line 256]
Event: 4.236 Thread 0x0000024b6c22f010 Exception <a 'java/lang/ClassNotFoundException'{0x0000000085d8f4e0}: org/springframework/context/ResourceLoaderAwareCustomizer> (0x0000000085d8f4e0) 
thrown [s\open\src\hotspot\share\classfile\systemDictionary.cpp, line 256]
Event: 4.236 Thread 0x0000024b6c22f010 Exception <a 'java/lang/ClassNotFoundException'{0x0000000085d95310}: org/springframework/beans/factory/AwareCustomizer> (0x0000000085d95310) 
thrown [s\open\src\hotspot\share\classfile\systemDictionary.cpp, line 256]
Event: 4.236 Thread 0x0000024b6c22f010 Exception <a 'java/lang/ClassNotFoundException'{0x0000000085d9a510}: org/springframework/context/ApplicationContextAwareCustomizer> (0x0000000085d9a510) 
thrown [s\open\src\hotspot\share\classfile\systemDictionary.cpp, line 256]
Event: 4.237 Thread 0x0000024b6c22f010 Exception <a 'java/lang/ClassNotFoundException'{0x0000000085da0a08}: org/springframework/beans/factory/AwareCustomizer> (0x0000000085da0a08) 
thrown [s\open\src\hotspot\share\classfile\systemDictionary.cpp, line 256]
Event: 4.237 Thread 0x0000024b6c22f010 Exception <a 'java/lang/ClassNotFoundException'{0x0000000085da5c20}: org/springframework/web/context/ServletContextAwareCustomizer> (0x0000000085da5c20) 
thrown [s\open\src\hotspot\share\classfile\systemDictionary.cpp, line 256]
Event: 4.237 Thread 0x0000024b6c22f010 Exception <a 'java/lang/ClassNotFoundException'{0x0000000085dabe88}: org/springframework/beans/factory/AwareCustomizer> (0x0000000085dabe88) 
thrown [s\open\src\hotspot\share\classfile\systemDictionary.cpp, line 256]
Event: 4.238 Thread 0x0000024b4581e7c0 Exception <a 'java/lang/reflect/InvocationTargetException'{0x0000000085c048b0}> (0x0000000085c048b0) 
thrown [s\open\src\hotspot\share\runtime\reflection.cpp, line 1121]
Event: 4.387 Thread 0x0000024b6c22f010 Exception <a 'java/lang/NoSuchMethodError'{0x000000008a70b748}: 'java.lang.Object java.lang.invoke.DirectMethodHandle$Holder.invokeInterface(java.lang.Object, java.lang.Object, java.lang.Object, java.lang.Object)'> (0x000000008a70b748) 
thrown [s\open\src\hotspot\share\interpreter\linkResolver.cpp, line 759]
Event: 4.460 Thread 0x0000024b6c22f010 Exception <a 'java/lang/NoSuchMethodError'{0x0000000086a917d0}: 'void java.lang.invoke.DirectMethodHandle$Holder.invokeVirtual(java.lang.Object, java.lang.Object, int)'> (0x0000000086a917d0) 
thrown [s\open\src\hotspot\share\interpreter\linkResolver.cpp, line 759]
Event: 4.461 Thread 0x0000024b6c22f010 Exception <a 'java/lang/NoSuchMethodError'{0x0000000086aac378}: 'void java.lang.invoke.DirectMethodHandle$Holder.invokeVirtual(java.lang.Object, java.lang.Object, long)'> (0x0000000086aac378) 
thrown [s\open\src\hotspot\share\interpreter\linkResolver.cpp, line 759]
Event: 4.540 Thread 0x0000024b6c22f010 Exception <a 'java/lang/IncompatibleClassChangeError'{0x00000000865ae378}: Found class java.lang.Object, but interface was expected> (0x00000000865ae378) 
thrown [s\open\src\hotspot\share\interpreter\linkResolver.cpp, line 826]
Event: 4.582 Thread 0x0000024b6c22f010 Exception <a 'java/lang/ClassNotFoundException'{0x000000008626dea0}: java/lang/ObjectCustomizer> (0x000000008626dea0) 
thrown [s\open\src\hotspot\share\classfile\systemDictionary.cpp, line 256]
Event: 4.582 Thread 0x0000024b6c22f010 Exception <a 'java/lang/ClassNotFoundException'{0x0000000086275b00}: com/TicketManagement/Ticket/model/CustomerCustomizer> (0x0000000086275b00) 
thrown [s\open\src\hotspot\share\classfile\systemDictionary.cpp, line 256]
Event: 4.629 Thread 0x0000024b6c22f010 Exception <a 'java/lang/NoSuchMethodError'{0x0000000085a08b30}: 'java.lang.Object java.lang.invoke.DirectMethodHandle$Holder.invokeSpecial(java.lang.Object, java.lang.Object, int, java.lang.Object, int, java.lang.Object)'> (0x0000000085a08b30) 
thrown [s\open\src\hotspot\share\interpreter\linkResolver.cpp, line 759]
Event: 4.629 Thread 0x0000024b6c22f010 Exception <a 'java/lang/NoSuchMethodError'{0x0000000085a10930}: 'java.lang.Object java.lang.invoke.DirectMethodHandle$Holder.newInvokeSpecial(java.lang.Object, java.lang.Object, int, java.lang.Object, int)'> (0x0000000085a10930) 
thrown [s\open\src\hotspot\share\interpreter\linkResolver.cpp, line 759]
Event: 4.629 Thread 0x0000024b6c22f010 Exception <a 'java/lang/NoSuchMethodError'{0x0000000085a14a30}: 'java.lang.Object java.lang.invoke.DirectMethodHandle$Holder.invokeSpecial(java.lang.Object, java.lang.Object, java.lang.Object, int, java.lang.Object, int)'> (0x0000000085a14a30) 
thrown [s\open\src\hotspot\share\interpreter\linkResolver.cpp, line 759]
Event: 4.630 Thread 0x0000024b6c22f010 Exception <a 'java/lang/NoSuchMethodError'{0x0000000085a1e898}: 'void java.lang.invoke.DirectMethodHandle$Holder.invokeVirtual(java.lang.Object, java.lang.Object)'> (0x0000000085a1e898) 
thrown [s\open\src\hotspot\share\interpreter\linkResolver.cpp, line 759]

VM Operations (20 events):
Event: 4.134 Executing VM operation: HandshakeAllThreads done
Event: 4.249 Executing VM operation: HandshakeAllThreads
Event: 4.249 Executing VM operation: HandshakeAllThreads done
Event: 4.270 Executing VM operation: HandshakeAllThreads
Event: 4.270 Executing VM operation: HandshakeAllThreads done
Event: 4.294 Executing VM operation: HandshakeAllThreads
Event: 4.294 Executing VM operation: HandshakeAllThreads done
Event: 4.295 Executing VM operation: HandshakeAllThreads
Event: 4.295 Executing VM operation: HandshakeAllThreads done
Event: 4.370 Executing VM operation: HandshakeAllThreads
Event: 4.370 Executing VM operation: HandshakeAllThreads done
Event: 4.382 Executing VM operation: G1CollectForAllocation
Event: 4.386 Executing VM operation: G1CollectForAllocation done
Event: 4.503 Executing VM operation: HandshakeAllThreads
Event: 4.503 Executing VM operation: HandshakeAllThreads done
Event: 4.546 Executing VM operation: HandshakeAllThreads
Event: 4.546 Executing VM operation: HandshakeAllThreads done
Event: 4.691 Executing VM operation: HandshakeAllThreads
Event: 4.691 Executing VM operation: HandshakeAllThreads done
Event: 4.737 Executing VM operation: G1CollectForAllocation

Events (20 events):
Event: 4.650 loading class java/nio/channels/Pipe$SourceChannel done
Event: 4.650 loading class sun/nio/ch/SourceChannelImpl done
Event: 4.650 loading class sun/nio/ch/SinkChannelImpl
Event: 4.650 loading class java/nio/channels/Pipe$SinkChannel
Event: 4.650 loading class java/nio/channels/Pipe$SinkChannel done
Event: 4.650 loading class sun/nio/ch/SinkChannelImpl done
Event: 4.651 Thread 0x0000024b46647e80 Thread added: 0x0000024b46647e80
Event: 4.652 loading class java/nio/channels/spi/AbstractSelector$1
Event: 4.652 loading class java/nio/channels/spi/AbstractSelector$1 done
Event: 4.653 Thread 0x0000024b46647460 Thread added: 0x0000024b46647460
Event: 4.653 loading class java/util/TreeMap$ValueSpliterator
Event: 4.654 loading class java/util/TreeMap$TreeMapSpliterator
Event: 4.654 loading class java/util/TreeMap$TreeMapSpliterator done
Event: 4.654 loading class java/util/TreeMap$ValueSpliterator done
Event: 4.702 loading class java/util/regex/Pattern$Behind
Event: 4.703 loading class java/util/regex/Pattern$Behind done
Event: 4.715 loading class java/util/concurrent/CancellationException
Event: 4.715 loading class java/util/concurrent/CancellationException done
Event: 4.715 loading class sun/misc/Unsafe
Event: 4.715 loading class sun/misc/Unsafe done


Dynamic libraries:
0x00007ff731cf0000 - 0x00007ff731d00000 	C:\Program Files\Java\jdk-17\bin\java.exe
0x00007ff91e770000 - 0x00007ff91e987000 	C:\WINDOWS\SYSTEM32\ntdll.dll
0x00007ff91c520000 - 0x00007ff91c5e4000 	C:\WINDOWS\System32\KERNEL32.DLL
0x00007ff91baa0000 - 0x00007ff91be59000 	C:\WINDOWS\System32\KERNELBASE.dll
0x00007ff91be60000 - 0x00007ff91bf71000 	C:\WINDOWS\System32\ucrtbase.dll
0x00007ff915be0000 - 0x00007ff915bf9000 	C:\Program Files\Java\jdk-17\bin\jli.dll
0x00007ff915bc0000 - 0x00007ff915bdb000 	C:\Program Files\Java\jdk-17\bin\VCRUNTIME140.dll
0x00007ff91db80000 - 0x00007ff91dc32000 	C:\WINDOWS\System32\ADVAPI32.dll
0x00007ff91d250000 - 0x00007ff91d2f7000 	C:\WINDOWS\System32\msvcrt.dll
0x00007ff91dca0000 - 0x00007ff91dd47000 	C:\WINDOWS\System32\sechost.dll
0x00007ff91c000000 - 0x00007ff91c028000 	C:\WINDOWS\System32\bcrypt.dll
0x00007ff91cb00000 - 0x00007ff91cc14000 	C:\WINDOWS\System32\RPCRT4.dll
0x00007ff91d4b0000 - 0x00007ff91d65e000 	C:\WINDOWS\System32\USER32.dll
0x00007ff91ba70000 - 0x00007ff91ba96000 	C:\WINDOWS\System32\win32u.dll
0x00007ff91d480000 - 0x00007ff91d4a9000 	C:\WINDOWS\System32\GDI32.dll
0x00007ff8fe6d0000 - 0x00007ff8fe962000 	C:\WINDOWS\WinSxS\amd64_microsoft.windows.common-controls_6595b64144ccf1df_6.0.22621.4391_none_2715d37f73803e96\COMCTL32.dll
0x00007ff91c2b0000 - 0x00007ff91c3cb000 	C:\WINDOWS\System32\gdi32full.dll
0x00007ff91c0a0000 - 0x00007ff91c13a000 	C:\WINDOWS\System32\msvcp_win.dll
0x00007ff916740000 - 0x00007ff91674a000 	C:\WINDOWS\SYSTEM32\VERSION.dll
0x00007ff91caa0000 - 0x00007ff91cad1000 	C:\WINDOWS\System32\IMM32.DLL
0x00007ff915640000 - 0x00007ff91564c000 	C:\Program Files\Java\jdk-17\bin\vcruntime140_1.dll
0x00007ff8feb40000 - 0x00007ff8febce000 	C:\Program Files\Java\jdk-17\bin\msvcp140.dll
0x00007ff8792b0000 - 0x00007ff879e8f000 	C:\Program Files\Java\jdk-17\bin\server\jvm.dll
0x00007ff91d420000 - 0x00007ff91d428000 	C:\WINDOWS\System32\PSAPI.DLL
0x00007ff8f9020000 - 0x00007ff8f9029000 	C:\WINDOWS\SYSTEM32\WSOCK32.dll
0x00007ff91c5f0000 - 0x00007ff91c661000 	C:\WINDOWS\System32\WS2_32.dll
0x00007ff916420000 - 0x00007ff916454000 	C:\WINDOWS\SYSTEM32\WINMM.dll
0x00007ff91aba0000 - 0x00007ff91abb8000 	C:\WINDOWS\SYSTEM32\kernel.appcore.dll
0x00007ff912f80000 - 0x00007ff912f8a000 	C:\Program Files\Java\jdk-17\bin\jimage.dll
0x00007ff9190f0000 - 0x00007ff919322000 	C:\WINDOWS\SYSTEM32\DBGHELP.DLL
0x00007ff91d660000 - 0x00007ff91d9ef000 	C:\WINDOWS\System32\combase.dll
0x00007ff91c8c0000 - 0x00007ff91c997000 	C:\WINDOWS\System32\OLEAUT32.dll
0x00007ff904780000 - 0x00007ff9047b2000 	C:\WINDOWS\SYSTEM32\dbgcore.DLL
0x00007ff91bf80000 - 0x00007ff91bffb000 	C:\WINDOWS\System32\bcryptPrimitives.dll
0x00007ff900c50000 - 0x00007ff900c5e000 	C:\Program Files\Java\jdk-17\bin\instrument.dll
0x00007ff912f50000 - 0x00007ff912f75000 	C:\Program Files\Java\jdk-17\bin\java.dll
0x00007ff8ced30000 - 0x00007ff8cee07000 	C:\Program Files\Java\jdk-17\bin\jsvml.dll
0x00007ff91deb0000 - 0x00007ff91e726000 	C:\WINDOWS\System32\SHELL32.dll
0x00007ff9199b0000 - 0x00007ff91a2b3000 	C:\WINDOWS\SYSTEM32\windows.storage.dll
0x00007ff919870000 - 0x00007ff9199af000 	C:\WINDOWS\SYSTEM32\wintypes.dll
0x00007ff91d300000 - 0x00007ff91d3f9000 	C:\WINDOWS\System32\SHCORE.dll
0x00007ff91dc40000 - 0x00007ff91dc9e000 	C:\WINDOWS\System32\shlwapi.dll
0x00007ff91b9a0000 - 0x00007ff91b9cb000 	C:\WINDOWS\SYSTEM32\profapi.dll
0x00007ff911c50000 - 0x00007ff911c68000 	C:\Program Files\Java\jdk-17\bin\zip.dll
0x00007ff912d20000 - 0x00007ff912d39000 	C:\Program Files\Java\jdk-17\bin\net.dll
0x00007ff915f40000 - 0x00007ff916076000 	C:\WINDOWS\SYSTEM32\WINHTTP.dll
0x00007ff91b020000 - 0x00007ff91b089000 	C:\WINDOWS\system32\mswsock.dll
0x00007ff912d00000 - 0x00007ff912d16000 	C:\Program Files\Java\jdk-17\bin\nio.dll
0x00007ff900c30000 - 0x00007ff900c4a000 	C:\Program Files\JetBrains\IntelliJ IDEA 2024.2.3\bin\breakgen64.dll
0x00007ff91a590000 - 0x00007ff91a692000 	C:\WINDOWS\SYSTEM32\DNSAPI.dll
0x00007ff91a520000 - 0x00007ff91a54d000 	C:\WINDOWS\SYSTEM32\IPHLPAPI.DLL
0x00007ff91d400000 - 0x00007ff91d409000 	C:\WINDOWS\System32\NSI.dll
0x00007ff911a80000 - 0x00007ff911a8a000 	C:\Windows\System32\rasadhlp.dll
0x00007ff9139c0000 - 0x00007ff913a43000 	C:\WINDOWS\System32\fwpuclnt.dll
0x00007ff917310000 - 0x00007ff91731a000 	C:\Program Files\Java\jdk-17\bin\management.dll
0x00007ff912cf0000 - 0x00007ff912cfb000 	C:\Program Files\Java\jdk-17\bin\management_ext.dll
0x00007ff91b270000 - 0x00007ff91b28b000 	C:\WINDOWS\SYSTEM32\CRYPTSP.dll
0x00007ff91ab00000 - 0x00007ff91ab35000 	C:\WINDOWS\system32\rsaenh.dll
0x00007ff91b110000 - 0x00007ff91b138000 	C:\WINDOWS\SYSTEM32\USERENV.dll
0x00007ff91b290000 - 0x00007ff91b29c000 	C:\WINDOWS\SYSTEM32\CRYPTBASE.dll
0x00007ff915a60000 - 0x00007ff915a79000 	C:\WINDOWS\SYSTEM32\dhcpcsvc6.DLL
0x00007ff915560000 - 0x00007ff91557f000 	C:\WINDOWS\SYSTEM32\dhcpcsvc.DLL
0x00007ff8f7410000 - 0x00007ff8f7427000 	C:\WINDOWS\system32\napinsp.dll
0x00007ff8f7340000 - 0x00007ff8f735b000 	C:\WINDOWS\system32\pnrpnsp.dll
0x00007ff8f7270000 - 0x00007ff8f7281000 	C:\WINDOWS\System32\winrnr.dll
0x00007ff916510000 - 0x00007ff916525000 	C:\WINDOWS\system32\wshbth.dll
0x00007ff8f6bd0000 - 0x00007ff8f6bf7000 	C:\WINDOWS\system32\nlansp_c.dll
0x00007ff9078f0000 - 0x00007ff907900000 	C:\Program Files\Java\jdk-17\bin\verify.dll
0x00007ff907920000 - 0x00007ff90792e000 	C:\Program Files\Java\jdk-17\bin\sunmscapi.dll
0x00007ff91c140000 - 0x00007ff91c2a6000 	C:\WINDOWS\System32\CRYPT32.dll
0x00007ff91b410000 - 0x00007ff91b43d000 	C:\WINDOWS\SYSTEM32\ncrypt.dll
0x00007ff91b3d0000 - 0x00007ff91b407000 	C:\WINDOWS\SYSTEM32\NTASN1.dll
0x00007ff907860000 - 0x00007ff907868000 	C:\WINDOWS\system32\wshunix.dll

dbghelp: loaded successfully - version: 4.0.5 - missing functions: none
symbol engine: initialized successfully - sym options: 0x614 - pdb path: .;C:\Program Files\Java\jdk-17\bin;C:\WINDOWS\SYSTEM32;C:\WINDOWS\WinSxS\amd64_microsoft.windows.common-controls_6595b64144ccf1df_6.0.22621.4391_none_2715d37f73803e96;C:\Program Files\Java\jdk-17\bin\server;C:\Program Files\JetBrains\IntelliJ IDEA 2024.2.3\bin

VM Arguments:
jvm_args: -XX:TieredStopAtLevel=1 -Dspring.output.ansi.enabled=always -Dcom.sun.management.jmxremote -Dspring.jmx.enabled=true -Dspring.liveBeansView.mbeanDomain -Dspring.application.admin.enabled=true -Dmanagement.endpoints.jmx.exposure.include=* -javaagent:C:\Program Files\JetBrains\IntelliJ IDEA 2024.2.3\lib\idea_rt.jar=49632:C:\Program Files\JetBrains\IntelliJ IDEA 2024.2.3\bin -Dfile.encoding=UTF-8 
java_command: com.TicketManagement.Ticket.TicketApplication
java_class_path (initial): C:\OOP (CW)\BackEnd\Spiring\Ticket\Ticket\target\classes;C:\Users\Acer\.m2\repository\org\springframework\boot\spring-boot-starter-data-jpa\2.7.14\spring-boot-starter-data-jpa-2.7.14.jar;C:\Users\Acer\.m2\repository\org\springframework\boot\spring-boot-starter-aop\2.7.14\spring-boot-starter-aop-2.7.14.jar;C:\Users\Acer\.m2\repository\org\springframework\spring-aop\5.3.29\spring-aop-5.3.29.jar;C:\Users\Acer\.m2\repository\org\aspectj\aspectjweaver\1.9.7\aspectjweaver-1.9.7.jar;C:\Users\Acer\.m2\repository\org\springframework\boot\spring-boot-starter-jdbc\2.7.14\spring-boot-starter-jdbc-2.7.14.jar;C:\Users\Acer\.m2\repository\com\zaxxer\HikariCP\4.0.3\HikariCP-4.0.3.jar;C:\Users\Acer\.m2\repository\org\springframework\spring-jdbc\5.3.29\spring-jdbc-5.3.29.jar;C:\Users\Acer\.m2\repository\jakarta\transaction\jakarta.transaction-api\1.3.3\jakarta.transaction-api-1.3.3.jar;C:\Users\Acer\.m2\repository\jakarta\persistence\jakarta.persistence-api\2.2.3\jakarta.persistence-api-2.2.3.jar;C:\Users\Acer\.m2\repository\org\springframework\data\spring-data-jpa\2.7.14\spring-data-jpa-2.7.14.jar;C:\Users\Acer\.m2\repository\org\springframework\data\spring-data-commons\2.7.14\spring-data-commons-2.7.14.jar;C:\Users\Acer\.m2\repository\org\springframework\spring-orm\5.3.29\spring-orm-5.3.29.jar;C:\Users\Acer\.m2\repository\org\springframework\spring-context\5.3.29\spring-context-5.3.29.jar;C:\Users\Acer\.m2\repository\org\springframework\spring-tx\5.3.29\spring-tx-5.3.29.jar;C:\Users\Acer\.m2\repository\org\springframework\spring-beans\5.3.29\spring-beans-5.3.29.jar;C:\Users\Acer\.m2\repository\org\springframework\spring-aspects\5.3.29\spring-aspects-5.3.29.jar;C:\Users\Acer\.m2\repository\org\springframework\boot\spring-boot-starter-web\2.7.14\spring-boot-starter-web-2.7.14.jar;C:\Users\Acer\.m2\repository\org\springframework\boot\spring-boot-starter\2.7.14\spring-boot-starter-2.7.14.jar;C:\Users\Acer\.m2\repository\org\springframework\boot\spring-boot\
Launcher Type: SUN_STANDARD

[Global flags]
     intx CICompilerCount                          = 12                                        {product} {ergonomic}
     uint ConcGCThreads                            = 3                                         {product} {ergonomic}
     uint G1ConcRefinementThreads                  = 13                                        {product} {ergonomic}
   size_t G1HeapRegionSize                         = 1048576                                   {product} {ergonomic}
    uintx GCDrainStackTargetSize                   = 64                                        {product} {ergonomic}
   size_t InitialHeapSize                          = 132120576                                 {product} {ergonomic}
     bool ManagementServer                         = true                                      {product} {command line}
   size_t MarkStackSize                            = 4194304                                   {product} {ergonomic}
   size_t MaxHeapSize                              = 2103443456                                {product} {ergonomic}
   size_t MaxNewSize                               = 1261436928                                {product} {ergonomic}
   size_t MinHeapDeltaBytes                        = 1048576                                   {product} {ergonomic}
   size_t MinHeapSize                              = 8388608                                   {product} {ergonomic}
    uintx NonProfiledCodeHeapSize                  = 0                                      {pd product} {ergonomic}
     bool ProfileInterpreter                       = false                                  {pd product} {command line}
    uintx ProfiledCodeHeapSize                     = 0                                      {pd product} {ergonomic}
   size_t SoftMaxHeapSize                          = 2103443456                             {manageable} {ergonomic}
     intx TieredStopAtLevel                        = 1                                         {product} {command line}
     bool UseCompressedClassPointers               = true                           {product lp64_product} {ergonomic}
     bool UseCompressedOops                        = true                           {product lp64_product} {ergonomic}
     bool UseG1GC                                  = true                                      {product} {ergonomic}
     bool UseLargePagesIndividualAllocation        = false                                  {pd product} {ergonomic}

Logging:
Log output configuration:
 #0: stdout all=warning uptime,level,tags
 #1: stderr all=off uptime,level,tags

Environment Variables:
PATH=C:\Program Files\Common Files\Oracle\Java\javapath;C:\Windows\system32;C:\Windows;C:\Windows\System32\Wbem;C:\Windows\System32\WindowsPowerShell\v1.0\;C:\Windows\System32\OpenSSH\;C:\Program Files (x86)\NVIDIA Corporation\PhysX\Common;C:\Program Files\NVIDIA Corporation\NVIDIA NvDLISR;C:\WINDOWS\system32;C:\WINDOWS;C:\WINDOWS\System32\Wbem;C:\WINDOWS\System32\WindowsPowerShell\v1.0\;C:\WINDOWS\System32\OpenSSH\;C:\Program Files\Git\cmd;C:\Users\Acer\AppData\Local\Microsoft\WindowsApps;;C:\Users\Acer\AppData\bin;C:\Program Files (x86)\IntelliJ IDEA 2023.3.4\bin;
USERNAME=Acer
OS=Windows_NT
PROCESSOR_IDENTIFIER=Intel64 Family 6 Model 165 Stepping 2, GenuineIntel



---------------  S Y S T E M  ---------------

OS:
 Windows 11 , 64 bit Build 22621 (10.0.22621.4391)
OS uptime: 14 days 22:53 hours

CPU: total 16 (initial active 16) (8 cores per cpu, 2 threads per core) family 6 model 165 stepping 2 microcode 0xe2, cx8, cmov, fxsr, ht, mmx, 3dnowpref, sse, sse2, sse3, ssse3, sse4.1, sse4.2, popcnt, lzcnt, tsc, tscinvbit, avx, avx2, aes, erms, clmul, bmi1, bmi2, adx, fma, vzeroupper, clflush, clflushopt

Memory: 4k page, system-wide physical 8023M (828M free)
TotalPageFile size 24407M (AvailPageFile size 7M)
current process WorkingSet (physical memory assigned to process): 207M, peak: 207M
current process commit charge ("private bytes"): 259M, peak: 272M

vm_info: Java HotSpot(TM) 64-Bit Server VM (17.0.10+11-LTS-240) for windows-amd64 JRE (17.0.10+11-LTS-240), built on Dec 19 2023 21:47:25 by "mach5one" with MS VC++ 17.1 (VS2022)

END.
