#
# There is insufficient memory for the Java Runtime Environment to continue.
# Native memory allocation (mmap) failed to map 132120576 bytes for G1 virtual space
# Possible reasons:
#   The system is out of physical RAM or swap space
#   The process is running with CompressedOops enabled, and the Java Heap may be blocking the growth of the native heap
# Possible solutions:
#   Reduce memory load on the system
#   Increase physical memory or swap space
#   Check if swap backing store is full
#   Decrease Java heap size (-Xmx/-Xms)
#   Decrease number of Java threads
#   Decrease Java thread stack sizes (-Xss)
#   Set larger code cache with -XX:ReservedCodeCacheSize=
#   JVM is running with Unscaled Compressed Oops mode in which the Java heap is
#     placed in the first 4GB address space. The Java Heap base address is the
#     maximum limit for the native heap growth. Please use -XX:HeapBaseMinAddress
#     to set the Java Heap base and to place the Java Heap above 4GB virtual address.
# This output file may be truncated or incomplete.
#
#  Out of Memory Error (os_windows.cpp:3548), pid=26500, tid=24076
#
# JRE version:  (17.0.10+11) (build )
# Java VM: Java HotSpot(TM) 64-Bit Server VM (17.0.10+11-LTS-240, mixed mode, emulated-client, sharing, tiered, compressed oops, compressed class ptrs, g1 gc, windows-amd64)
# No core dump will be written. Minidumps are not enabled by default on client versions of Windows
#

---------------  S U M M A R Y ------------

Command Line: -XX:TieredStopAtLevel=1 -Dspring.output.ansi.enabled=always -Dcom.sun.management.jmxremote -Dspring.jmx.enabled=true -Dspring.liveBeansView.mbeanDomain -Dspring.application.admin.enabled=true -Dmanagement.endpoints.jmx.exposure.include=* -javaagent:C:\Program Files\JetBrains\IntelliJ IDEA 2024.2.3\lib\idea_rt.jar=49914:C:\Program Files\JetBrains\IntelliJ IDEA 2024.2.3\bin -Dfile.encoding=UTF-8 com.TicketManagement.Ticket.TicketApplication

Host: Intel(R) Core(TM) i7-10870H CPU @ 2.20GHz, 16 cores, 7G,  Windows 11 , 64 bit Build 22621 (10.0.22621.4391)
Time: Sun Dec  8 19:54:47 2024 India Standard Time elapsed time: 0.012601 seconds (0d 0h 0m 0s)

---------------  T H R E A D  ---------------

Current thread (0x0000013d2e29e050):  JavaThread "Unknown thread" [_thread_in_vm, id=24076, stack(0x000000142a300000,0x000000142a400000)]

Stack: [0x000000142a300000,0x000000142a400000]
Native frames: (J=compiled Java code, j=interpreted, Vv=VM code, C=native code)
V  [jvm.dll+0x677a5a]
V  [jvm.dll+0x7d8b2d]
V  [jvm.dll+0x7da48e]
V  [jvm.dll+0x7daaf3]
V  [jvm.dll+0x2455ff]
V  [jvm.dll+0x6749b9]
V  [jvm.dll+0x669382]
V  [jvm.dll+0x302e96]
V  [jvm.dll+0x30a416]
V  [jvm.dll+0x359cbe]
V  [jvm.dll+0x359eef]
V  [jvm.dll+0x2d9e88]
V  [jvm.dll+0x2dadf4]
V  [jvm.dll+0x7aa551]
V  [jvm.dll+0x367911]
V  [jvm.dll+0x789639]
V  [jvm.dll+0x3eb30f]
V  [jvm.dll+0x3ecd91]
C  [jli.dll+0x5297]
C  [ucrtbase.dll+0x29333]
C  [KERNEL32.DLL+0x1259d]
C  [ntdll.dll+0x5af38]


---------------  P R O C E S S  ---------------

Threads class SMR info:
_java_thread_list=0x00007ff879d66a18, length=0, elements={
}

Java Threads: ( => current thread )

Other Threads:
  0x0000013d2e2fcc20 GCTaskThread "GC Thread#0" [stack: 0x000000142a400000,0x000000142a500000] [id=11124]
  0x0000013d2e30d530 ConcurrentGCThread "G1 Main Marker" [stack: 0x000000142a500000,0x000000142a600000] [id=15548]
  0x0000013d2e30de40 ConcurrentGCThread "G1 Conc#0" [stack: 0x000000142a600000,0x000000142a700000] [id=30408]

[error occurred during error reporting (printing all threads), id 0xc0000005, EXCEPTION_ACCESS_VIOLATION (0xc0000005) at pc=0x00007ff87959aae7]

VM state: not at safepoint (not fully initialized)

VM Mutex/Monitor currently owned by a thread:  ([mutex/lock_event])
[0x0000013d2e29a2e0] Heap_lock - owner thread: 0x0000013d2e29e050

Heap address: 0x0000000082a00000, size: 2006 MB, Compressed Oops mode: 32-bit

CDS archive(s) mapped at: [0x0000000000000000-0x0000000000000000-0x0000000000000000), size 0, SharedBaseAddress: 0x0000000800000000, ArchiveRelocationMode: 1.
Narrow klass base: 0x0000000000000000, Narrow klass shift: 0, Narrow klass range: 0x0

GC Precious Log:
<Empty>

Heap:
 garbage-first heap   total 0K, used 0K [0x0000000082a00000, 0x0000000100000000)
  region size 1024K, 0 young (0K), 0 survivors (0K)

[error occurred during error reporting (printing heap information), id 0xc0000005, EXCEPTION_ACCESS_VIOLATION (0xc0000005) at pc=0x00007ff879981249]

GC Heap History (0 events):
No events

Deoptimization events (0 events):
No events

Classes unloaded (0 events):
No events

Classes redefined (0 events):
No events

Internal exceptions (0 events):
No events

VM Operations (0 events):
No events

Events (1 events):
Event: 0.008 Loaded shared library C:\Program Files\Java\jdk-17\bin\java.dll


Dynamic libraries:
0x00007ff731cf0000 - 0x00007ff731d00000 	C:\Program Files\Java\jdk-17\bin\java.exe
0x00007ff91e770000 - 0x00007ff91e987000 	C:\WINDOWS\SYSTEM32\ntdll.dll
0x00007ff91c520000 - 0x00007ff91c5e4000 	C:\WINDOWS\System32\KERNEL32.DLL
0x00007ff91baa0000 - 0x00007ff91be59000 	C:\WINDOWS\System32\KERNELBASE.dll
0x00007ff91be60000 - 0x00007ff91bf71000 	C:\WINDOWS\System32\ucrtbase.dll
0x00007ff915be0000 - 0x00007ff915bf9000 	C:\Program Files\Java\jdk-17\bin\jli.dll
0x00007ff915bc0000 - 0x00007ff915bdb000 	C:\Program Files\Java\jdk-17\bin\VCRUNTIME140.dll
0x00007ff91db80000 - 0x00007ff91dc32000 	C:\WINDOWS\System32\ADVAPI32.dll
0x00007ff91d250000 - 0x00007ff91d2f7000 	C:\WINDOWS\System32\msvcrt.dll
0x00007ff91dca0000 - 0x00007ff91dd47000 	C:\WINDOWS\System32\sechost.dll
0x00007ff91c000000 - 0x00007ff91c028000 	C:\WINDOWS\System32\bcrypt.dll
0x00007ff91cb00000 - 0x00007ff91cc14000 	C:\WINDOWS\System32\RPCRT4.dll
0x00007ff91d4b0000 - 0x00007ff91d65e000 	C:\WINDOWS\System32\USER32.dll
0x00007ff91ba70000 - 0x00007ff91ba96000 	C:\WINDOWS\System32\win32u.dll
0x00007ff91d480000 - 0x00007ff91d4a9000 	C:\WINDOWS\System32\GDI32.dll
0x00007ff8fe6d0000 - 0x00007ff8fe962000 	C:\WINDOWS\WinSxS\amd64_microsoft.windows.common-controls_6595b64144ccf1df_6.0.22621.4391_none_2715d37f73803e96\COMCTL32.dll
0x00007ff91c2b0000 - 0x00007ff91c3cb000 	C:\WINDOWS\System32\gdi32full.dll
0x00007ff91c0a0000 - 0x00007ff91c13a000 	C:\WINDOWS\System32\msvcp_win.dll
0x00007ff916740000 - 0x00007ff91674a000 	C:\WINDOWS\SYSTEM32\VERSION.dll
0x00007ff91caa0000 - 0x00007ff91cad1000 	C:\WINDOWS\System32\IMM32.DLL
0x00007ff915640000 - 0x00007ff91564c000 	C:\Program Files\Java\jdk-17\bin\vcruntime140_1.dll
0x00007ff8feb40000 - 0x00007ff8febce000 	C:\Program Files\Java\jdk-17\bin\msvcp140.dll
0x00007ff8792b0000 - 0x00007ff879e8f000 	C:\Program Files\Java\jdk-17\bin\server\jvm.dll
0x00007ff91d420000 - 0x00007ff91d428000 	C:\WINDOWS\System32\PSAPI.DLL
0x00007ff8f9020000 - 0x00007ff8f9029000 	C:\WINDOWS\SYSTEM32\WSOCK32.dll
0x00007ff916420000 - 0x00007ff916454000 	C:\WINDOWS\SYSTEM32\WINMM.dll
0x00007ff91c5f0000 - 0x00007ff91c661000 	C:\WINDOWS\System32\WS2_32.dll
0x00007ff91aba0000 - 0x00007ff91abb8000 	C:\WINDOWS\SYSTEM32\kernel.appcore.dll
0x00007ff912f80000 - 0x00007ff912f8a000 	C:\Program Files\Java\jdk-17\bin\jimage.dll
0x00007ff9190f0000 - 0x00007ff919322000 	C:\WINDOWS\SYSTEM32\DBGHELP.DLL
0x00007ff91d660000 - 0x00007ff91d9ef000 	C:\WINDOWS\System32\combase.dll
0x00007ff91c8c0000 - 0x00007ff91c997000 	C:\WINDOWS\System32\OLEAUT32.dll
0x00007ff904780000 - 0x00007ff9047b2000 	C:\WINDOWS\SYSTEM32\dbgcore.DLL
0x00007ff91bf80000 - 0x00007ff91bffb000 	C:\WINDOWS\System32\bcryptPrimitives.dll
0x00007ff900c50000 - 0x00007ff900c5e000 	C:\Program Files\Java\jdk-17\bin\instrument.dll
0x00007ff912f50000 - 0x00007ff912f75000 	C:\Program Files\Java\jdk-17\bin\java.dll

dbghelp: loaded successfully - version: 4.0.5 - missing functions: none
symbol engine: initialized successfully - sym options: 0x614 - pdb path: .;C:\Program Files\Java\jdk-17\bin;C:\WINDOWS\SYSTEM32;C:\WINDOWS\WinSxS\amd64_microsoft.windows.common-controls_6595b64144ccf1df_6.0.22621.4391_none_2715d37f73803e96;C:\Program Files\Java\jdk-17\bin\server

VM Arguments:
jvm_args: -XX:TieredStopAtLevel=1 -Dspring.output.ansi.enabled=always -Dcom.sun.management.jmxremote -Dspring.jmx.enabled=true -Dspring.liveBeansView.mbeanDomain -Dspring.application.admin.enabled=true -Dmanagement.endpoints.jmx.exposure.include=* -javaagent:C:\Program Files\JetBrains\IntelliJ IDEA 2024.2.3\lib\idea_rt.jar=49914:C:\Program Files\JetBrains\IntelliJ IDEA 2024.2.3\bin -Dfile.encoding=UTF-8 
java_command: com.TicketManagement.Ticket.TicketApplication
java_class_path (initial): C:\OOP (CW)\BackEnd\Spiring\Ticket\Ticket\target\classes;C:\Users\Acer\.m2\repository\org\springframework\boot\spring-boot-starter-data-jpa\2.7.14\spring-boot-starter-data-jpa-2.7.14.jar;C:\Users\Acer\.m2\repository\org\springframework\boot\spring-boot-starter-aop\2.7.14\spring-boot-starter-aop-2.7.14.jar;C:\Users\Acer\.m2\repository\org\springframework\spring-aop\5.3.29\spring-aop-5.3.29.jar;C:\Users\Acer\.m2\repository\org\aspectj\aspectjweaver\1.9.7\aspectjweaver-1.9.7.jar;C:\Users\Acer\.m2\repository\org\springframework\boot\spring-boot-starter-jdbc\2.7.14\spring-boot-starter-jdbc-2.7.14.jar;C:\Users\Acer\.m2\repository\com\zaxxer\HikariCP\4.0.3\HikariCP-4.0.3.jar;C:\Users\Acer\.m2\repository\org\springframework\spring-jdbc\5.3.29\spring-jdbc-5.3.29.jar;C:\Users\Acer\.m2\repository\jakarta\transaction\jakarta.transaction-api\1.3.3\jakarta.transaction-api-1.3.3.jar;C:\Users\Acer\.m2\repository\jakarta\persistence\jakarta.persistence-api\2.2.3\jakarta.persistence-api-2.2.3.jar;C:\Users\Acer\.m2\repository\org\springframework\data\spring-data-jpa\2.7.14\spring-data-jpa-2.7.14.jar;C:\Users\Acer\.m2\repository\org\springframework\data\spring-data-commons\2.7.14\spring-data-commons-2.7.14.jar;C:\Users\Acer\.m2\repository\org\springframework\spring-orm\5.3.29\spring-orm-5.3.29.jar;C:\Users\Acer\.m2\repository\org\springframework\spring-context\5.3.29\spring-context-5.3.29.jar;C:\Users\Acer\.m2\repository\org\springframework\spring-tx\5.3.29\spring-tx-5.3.29.jar;C:\Users\Acer\.m2\repository\org\springframework\spring-beans\5.3.29\spring-beans-5.3.29.jar;C:\Users\Acer\.m2\repository\org\springframework\spring-aspects\5.3.29\spring-aspects-5.3.29.jar;C:\Users\Acer\.m2\repository\org\springframework\boot\spring-boot-starter-web\2.7.14\spring-boot-starter-web-2.7.14.jar;C:\Users\Acer\.m2\repository\org\springframework\boot\spring-boot-starter\2.7.14\spring-boot-starter-2.7.14.jar;C:\Users\Acer\.m2\repository\org\springframework\boot\spring-boot\
Launcher Type: SUN_STANDARD

[Global flags]
     intx CICompilerCount                          = 12                                        {product} {ergonomic}
     uint ConcGCThreads                            = 3                                         {product} {ergonomic}
     uint G1ConcRefinementThreads                  = 13                                        {product} {ergonomic}
   size_t G1HeapRegionSize                         = 1048576                                   {product} {ergonomic}
    uintx GCDrainStackTargetSize                   = 64                                        {product} {ergonomic}
   size_t InitialHeapSize                          = 132120576                                 {product} {ergonomic}
     bool ManagementServer                         = true                                      {product} {command line}
   size_t MarkStackSize                            = 4194304                                   {product} {ergonomic}
   size_t MaxHeapSize                              = 2103443456                                {product} {ergonomic}
   size_t MinHeapDeltaBytes                        = 1048576                                   {product} {ergonomic}
   size_t MinHeapSize                              = 8388608                                   {product} {ergonomic}
    uintx NonProfiledCodeHeapSize                  = 0                                      {pd product} {ergonomic}
     bool ProfileInterpreter                       = false                                  {pd product} {command line}
    uintx ProfiledCodeHeapSize                     = 0                                      {pd product} {ergonomic}
   size_t SoftMaxHeapSize                          = 2103443456                             {manageable} {ergonomic}
     intx TieredStopAtLevel                        = 1                                         {product} {command line}
     bool UseCompressedClassPointers               = true                           {product lp64_product} {ergonomic}
     bool UseCompressedOops                        = true                           {product lp64_product} {ergonomic}
     bool UseG1GC                                  = true                                      {product} {ergonomic}
     bool UseLargePagesIndividualAllocation        = false                                  {pd product} {ergonomic}

Logging:
Log output configuration:
 #0: stdout all=warning uptime,level,tags
 #1: stderr all=off uptime,level,tags

Environment Variables:
PATH=C:\Program Files\Common Files\Oracle\Java\javapath;C:\Windows\system32;C:\Windows;C:\Windows\System32\Wbem;C:\Windows\System32\WindowsPowerShell\v1.0\;C:\Windows\System32\OpenSSH\;C:\Program Files (x86)\NVIDIA Corporation\PhysX\Common;C:\Program Files\NVIDIA Corporation\NVIDIA NvDLISR;C:\WINDOWS\system32;C:\WINDOWS;C:\WINDOWS\System32\Wbem;C:\WINDOWS\System32\WindowsPowerShell\v1.0\;C:\WINDOWS\System32\OpenSSH\;C:\Program Files\Git\cmd;C:\Users\Acer\AppData\Local\Microsoft\WindowsApps;;C:\Users\Acer\AppData\bin;C:\Program Files (x86)\IntelliJ IDEA 2023.3.4\bin;
USERNAME=Acer
OS=Windows_NT
PROCESSOR_IDENTIFIER=Intel64 Family 6 Model 165 Stepping 2, GenuineIntel



---------------  S Y S T E M  ---------------

OS:
 Windows 11 , 64 bit Build 22621 (10.0.22621.4391)
OS uptime: 14 days 22:55 hours

CPU: total 16 (initial active 16) (8 cores per cpu, 2 threads per core) family 6 model 165 stepping 2 microcode 0xe2, cx8, cmov, fxsr, ht, mmx, 3dnowpref, sse, sse2, sse3, ssse3, sse4.1, sse4.2, popcnt, lzcnt, tsc, tscinvbit, avx, avx2, aes, erms, clmul, bmi1, bmi2, adx, fma, vzeroupper, clflush, clflushopt

Memory: 4k page, system-wide physical 8023M (505M free)
TotalPageFile size 24407M (AvailPageFile size 102M)
current process WorkingSet (physical memory assigned to process): 11M, peak: 11M
current process commit charge ("private bytes"): 65M, peak: 191M

vm_info: Java HotSpot(TM) 64-Bit Server VM (17.0.10+11-LTS-240) for windows-amd64 JRE (17.0.10+11-LTS-240), built on Dec 19 2023 21:47:25 by "mach5one" with MS VC++ 17.1 (VS2022)

END.
