#
# There is insufficient memory for the Java Runtime Environment to continue.
# Native memory allocation (malloc) failed to allocate 149136 bytes. Error detail: Chunk::new
# Possible reasons:
#   The system is out of physical RAM or swap space
#   This process is running with CompressedOops enabled, and the Java Heap may be blocking the growth of the native heap
# Possible solutions:
#   Reduce memory load on the system
#   Increase physical memory or swap space
#   Check if swap backing store is full
#   Decrease Java heap size (-Xmx/-Xms)
#   Decrease number of Java threads
#   Decrease Java thread stack sizes (-Xss)
#   Set larger code cache with -XX:ReservedCodeCacheSize=
#   JVM is running with Unscaled Compressed Oops mode in which the Java heap is
#     placed in the first 4GB address space. The Java Heap base address is the
#     maximum limit for the native heap growth. Please use -XX:HeapBaseMinAddress
#     to set the Java Heap base and to place the Java Heap above 4GB virtual address.
# This output file may be truncated or incomplete.
#
#  Out of Memory Error (arena.cpp:168), pid=27800, tid=34636
#
# JRE version: OpenJDK Runtime Environment JBR-21.0.4+13-509.17-jcef (21.0.4+13) (build 21.0.4+13-b509.17)
# Java VM: OpenJDK 64-Bit Server VM JBR-21.0.4+13-509.17-jcef (21.0.4+13-b509.17, mixed mode, tiered, compressed oops, compressed class ptrs, g1 gc, windows-amd64)
# No core dump will be written. Minidumps are not enabled by default on client versions of Windows
#

---------------  S U M M A R Y ------------

Command Line: -Djava.rmi.server.hostname=127.0.0.1 -Duser.timezone=UTC -Xmx2048m -Xms128m -Djdbc.classpath=C:\Users\Acer\AppData\Local\Temp\RemoteDriver1.classpath.txt --add-exports=java.desktop/sun.awt=ALL-UNNAMED --add-exports=java.desktop/java.awt.peer=ALL-UNNAMED --add-opens=java.desktop/java.awt=ALL-UNNAMED --add-opens=jdk.unsupported/sun.misc=ALL-UNNAMED --add-opens=java.base/java.nio=ALL-UNNAMED --add-opens=java.base/java.util=ALL-UNNAMED -Dfile.encoding=UTF-8 -Dsun.stdout.encoding=UTF-8 -Dsun.stderr.encoding=UTF-8 com.intellij.database.remote.RemoteJdbcServer com.mysql.cj.jdbc.Driver

Host: Intel(R) Core(TM) i7-10870H CPU @ 2.20GHz, 16 cores, 7G,  Windows 11 , 64 bit Build 22621 (10.0.22621.4391)
Time: Sun Dec  8 18:12:19 2024 India Standard Time elapsed time: 1594.578335 seconds (0d 0h 26m 34s)

---------------  T H R E A D  ---------------

Current thread (0x00000253560e1600):  JavaThread "C2 CompilerThread0" daemon [_thread_in_native, id=34636, stack(0x000000ec69800000,0x000000ec69900000) (1024K)]


Current CompileTask:
C2:1594578 4187       4       sun.rmi.transport.tcp.TCPConnection::getOutputStream (30 bytes)

Stack: [0x000000ec69800000,0x000000ec69900000]
Native frames: (J=compiled Java code, j=interpreted, Vv=VM code, C=native code)
V  [jvm.dll+0x6e36d9]
V  [jvm.dll+0x8c0bd3]
V  [jvm.dll+0x8c312e]
V  [jvm.dll+0x8c3813]
V  [jvm.dll+0x288256]
V  [jvm.dll+0xc613d]
V  [jvm.dll+0xc6673]
V  [jvm.dll+0x3c2f61]
V  [jvm.dll+0x38ed77]
V  [jvm.dll+0x38e1ea]
V  [jvm.dll+0x24fb72]
V  [jvm.dll+0x24f141]
V  [jvm.dll+0x1cd074]
V  [jvm.dll+0x25e88c]
V  [jvm.dll+0x25cdd6]
V  [jvm.dll+0x3fdff6]
V  [jvm.dll+0x868868]
V  [jvm.dll+0x6e1edd]
C  [ucrtbase.dll+0x29333]
C  [KERNEL32.DLL+0x1259d]
C  [ntdll.dll+0x5af38]


---------------  P R O C E S S  ---------------

Threads class SMR info:
_java_thread_list=0x0000025356d05590, length=20, elements={
0x0000025336a31260, 0x00000253560c9ae0, 0x00000253560ca150, 0x00000253560f5580,
0x00000253560f1ee0, 0x00000253560f2d40, 0x00000253560f37a0, 0x00000253560e1600,
0x00000253560ea3c0, 0x0000025356290ce0, 0x0000025356294150, 0x00000253567365e0,
0x000002535674f920, 0x000002535677e030, 0x000002535677e6a0, 0x00000253567e77c0,
0x0000025356883080, 0x00000253568787a0, 0x0000025356878110, 0x00000253568794c0
}

Java Threads: ( => current thread )
  0x0000025336a31260 JavaThread "main"                              [_thread_blocked, id=32996, stack(0x000000ec68a00000,0x000000ec68b00000) (1024K)]
  0x00000253560c9ae0 JavaThread "Reference Handler"          daemon [_thread_blocked, id=13356, stack(0x000000ec69200000,0x000000ec69300000) (1024K)]
  0x00000253560ca150 JavaThread "Finalizer"                  daemon [_thread_blocked, id=13400, stack(0x000000ec69300000,0x000000ec69400000) (1024K)]
  0x00000253560f5580 JavaThread "Signal Dispatcher"          daemon [_thread_blocked, id=14440, stack(0x000000ec69400000,0x000000ec69500000) (1024K)]
  0x00000253560f1ee0 JavaThread "Attach Listener"            daemon [_thread_blocked, id=3752, stack(0x000000ec69500000,0x000000ec69600000) (1024K)]
  0x00000253560f2d40 JavaThread "Service Thread"             daemon [_thread_blocked, id=32216, stack(0x000000ec69600000,0x000000ec69700000) (1024K)]
  0x00000253560f37a0 JavaThread "Monitor Deflation Thread"   daemon [_thread_blocked, id=22560, stack(0x000000ec69700000,0x000000ec69800000) (1024K)]
=>0x00000253560e1600 JavaThread "C2 CompilerThread0"         daemon [_thread_in_native, id=34636, stack(0x000000ec69800000,0x000000ec69900000) (1024K)]
  0x00000253560ea3c0 JavaThread "C1 CompilerThread0"         daemon [_thread_blocked, id=23516, stack(0x000000ec69900000,0x000000ec69a00000) (1024K)]
  0x0000025356290ce0 JavaThread "Common-Cleaner"             daemon [_thread_blocked, id=19184, stack(0x000000ec69b00000,0x000000ec69c00000) (1024K)]
  0x0000025356294150 JavaThread "Notification Thread"        daemon [_thread_blocked, id=25540, stack(0x000000ec69c00000,0x000000ec69d00000) (1024K)]
  0x00000253567365e0 JavaThread "mysql-cj-abandoned-connection-cleanup" daemon [_thread_blocked, id=22248, stack(0x000000ec6a100000,0x000000ec6a200000) (1024K)]
  0x000002535674f920 JavaThread "RMI TCP Accept-37435"       daemon [_thread_in_native, id=28724, stack(0x000000ec6a200000,0x000000ec6a300000) (1024K)]
  0x000002535677e030 JavaThread "RMI TCP Accept-0"           daemon [_thread_in_native, id=33956, stack(0x000000ec6a300000,0x000000ec6a400000) (1024K)]
  0x000002535677e6a0 JavaThread "RMI Reaper"                        [_thread_blocked, id=35152, stack(0x000000ec6a400000,0x000000ec6a500000) (1024K)]
  0x00000253567e77c0 JavaThread "RMI GC Daemon"              daemon [_thread_blocked, id=6004, stack(0x000000ec6a500000,0x000000ec6a600000) (1024K)]
  0x0000025356883080 JavaThread "RMI TCP Connection(2)-127.0.0.1" daemon [_thread_in_native, id=15024, stack(0x000000ec6a700000,0x000000ec6a800000) (1024K)]
  0x00000253568787a0 JavaThread "RMI TCP Connection(4)-127.0.0.1" daemon [_thread_in_native, id=36328, stack(0x000000ec6a900000,0x000000ec6aa00000) (1024K)]
  0x0000025356878110 JavaThread "RMI Scheduler(0)"           daemon [_thread_blocked, id=37768, stack(0x000000ec6aa00000,0x000000ec6ab00000) (1024K)]
  0x00000253568794c0 JavaThread "RMI RenewClean-[127.0.0.1:59989]" daemon [_thread_blocked, id=11840, stack(0x000000ec6ab00000,0x000000ec6ac00000) (1024K)]
Total: 20

Other Threads:
  0x0000025356067530 VMThread "VM Thread"                           [id=18592, stack(0x000000ec69100000,0x000000ec69200000) (1024K)]
  0x0000025351be6750 WatcherThread "VM Periodic Task Thread"        [id=1596, stack(0x000000ec69000000,0x000000ec69100000) (1024K)]
  0x0000025338c541d0 WorkerThread "GC Thread#0"                     [id=23580, stack(0x000000ec68b00000,0x000000ec68c00000) (1024K)]
  0x0000025356be4940 WorkerThread "GC Thread#1"                     [id=2740, stack(0x000000ec6ac00000,0x000000ec6ad00000) (1024K)]
  0x000002535682b340 WorkerThread "GC Thread#2"                     [id=18504, stack(0x000000ec6ad00000,0x000000ec6ae00000) (1024K)]
  0x0000025356c01090 WorkerThread "GC Thread#3"                     [id=30316, stack(0x000000ec6ae00000,0x000000ec6af00000) (1024K)]
  0x0000025356c56f50 WorkerThread "GC Thread#4"                     [id=6868, stack(0x000000ec6af00000,0x000000ec6b000000) (1024K)]
  0x0000025356be3550 WorkerThread "GC Thread#5"                     [id=20248, stack(0x000000ec6b000000,0x000000ec6b100000) (1024K)]
  0x0000025356ca47c0 WorkerThread "GC Thread#6"                     [id=6912, stack(0x000000ec6b100000,0x000000ec6b200000) (1024K)]
  0x0000025356ca5370 WorkerThread "GC Thread#7"                     [id=11916, stack(0x000000ec6b200000,0x000000ec6b300000) (1024K)]
  0x0000025356ca5f10 WorkerThread "GC Thread#8"                     [id=34164, stack(0x000000ec6b300000,0x000000ec6b400000) (1024K)]
  0x0000025356ca5b70 WorkerThread "GC Thread#9"                     [id=35428, stack(0x000000ec6b400000,0x000000ec6b500000) (1024K)]
  0x0000025356ca62b0 WorkerThread "GC Thread#10"                    [id=36676, stack(0x000000ec6b500000,0x000000ec6b600000) (1024K)]
  0x0000025356ca6650 WorkerThread "GC Thread#11"                    [id=29528, stack(0x000000ec6b600000,0x000000ec6b700000) (1024K)]
  0x0000025356ca7130 WorkerThread "GC Thread#12"                    [id=20460, stack(0x000000ec6b700000,0x000000ec6b800000) (1024K)]
  0x0000025338c65280 ConcurrentGCThread "G1 Main Marker"            [id=31172, stack(0x000000ec68c00000,0x000000ec68d00000) (1024K)]
  0x0000025338c65c20 WorkerThread "G1 Conc#0"                       [id=34796, stack(0x000000ec68d00000,0x000000ec68e00000) (1024K)]
  0x0000025356ca69f0 WorkerThread "G1 Conc#1"                       [id=21672, stack(0x000000ec6b800000,0x000000ec6b900000) (1024K)]
  0x0000025356ca6d90 WorkerThread "G1 Conc#2"                       [id=35964, stack(0x000000ec6b900000,0x000000ec6ba00000) (1024K)]
  0x0000025338cbe970 ConcurrentGCThread "G1 Refine#0"               [id=27992, stack(0x000000ec68e00000,0x000000ec68f00000) (1024K)]
  0x0000025351aaa5d0 ConcurrentGCThread "G1 Service"                [id=24044, stack(0x000000ec68f00000,0x000000ec69000000) (1024K)]
Total: 21

Threads with active compile tasks:
C2 CompilerThread0  1594611 4187       4       sun.rmi.transport.tcp.TCPConnection::getOutputStream (30 bytes)
Total: 1

VM state: not at safepoint (normal execution)

VM Mutex/Monitor currently owned by a thread: None

Heap address: 0x0000000080000000, size: 2048 MB, Compressed Oops mode: 32-bit

CDS archive(s) not mapped
Compressed class space mapped at: 0x0000000100000000-0x0000000140000000, reserved size: 1073741824
Narrow klass base: 0x0000000000000000, Narrow klass shift: 3, Narrow klass range: 0x140000000

GC Precious Log:
 CardTable entry size: 512
 Card Set container configuration: InlinePtr #cards 5 size 8 Array Of Cards #cards 12 size 40 Howl #buckets 4 coarsen threshold 1843 Howl Bitmap #cards 512 size 80 coarsen threshold 460 Card regions per heap region 1 cards per card region 2048
 CPUs: 16 total, 16 available
 Memory: 8023M
 Large Page Support: Disabled
 NUMA Support: Disabled
 Compressed Oops: Enabled (32-bit)
 Heap Region Size: 1M
 Heap Min Capacity: 128M
 Heap Initial Capacity: 128M
 Heap Max Capacity: 2G
 Pre-touch: Disabled
 Parallel Workers: 13
 Concurrent Workers: 3
 Concurrent Refinement Workers: 13
 Periodic GC: Disabled

Heap:
 garbage-first heap   total 131072K, used 49341K [0x0000000080000000, 0x0000000100000000)
  region size 1024K, 40 young (40960K), 4 survivors (4096K)
 Metaspace       used 29391K, committed 29824K, reserved 1114112K
  class space    used 2954K, committed 3136K, reserved 1048576K

Heap Regions: E=young(eden), S=young(survivor), O=old, HS=humongous(starts), HC=humongous(continues), CS=collection set, F=free, TAMS=top-at-mark-start, PB=parsable bottom
|   0|0x0000000080000000, 0x0000000080100000, 0x0000000080100000|100%|HS|  |TAMS 0x0000000080000000| PB 0x0000000080000000| Complete 
|   1|0x0000000080100000, 0x0000000080200000, 0x0000000080200000|100%|HC|  |TAMS 0x0000000080100000| PB 0x0000000080100000| Complete 
|   2|0x0000000080200000, 0x0000000080300000, 0x0000000080300000|100%|HS|  |TAMS 0x0000000080200000| PB 0x0000000080200000| Complete 
|   3|0x0000000080300000, 0x0000000080400000, 0x0000000080400000|100%|HS|  |TAMS 0x0000000080300000| PB 0x0000000080300000| Complete 
|   4|0x0000000080400000, 0x0000000080500000, 0x0000000080500000|100%| O|  |TAMS 0x0000000080400000| PB 0x0000000080400000| Untracked 
|   5|0x0000000080500000, 0x0000000080600000, 0x0000000080600000|100%| O|Cm|TAMS 0x0000000080500000| PB 0x0000000080500000| Complete 
|   6|0x0000000080600000, 0x0000000080700000, 0x0000000080700000|100%| O|  |TAMS 0x0000000080600000| PB 0x0000000080600000| Untracked 
|   7|0x0000000080700000, 0x0000000080800000, 0x0000000080800000|100%| O|  |TAMS 0x0000000080700000| PB 0x0000000080700000| Untracked 
|   8|0x0000000080800000, 0x0000000080900000, 0x0000000080900000|100%| O|  |TAMS 0x0000000080800000| PB 0x0000000080800000| Untracked 
|   9|0x0000000080900000, 0x0000000080955180, 0x0000000080a00000| 33%| O|  |TAMS 0x0000000080900000| PB 0x0000000080900000| Untracked 
|  10|0x0000000080a00000, 0x0000000080a00000, 0x0000000080b00000|  0%| F|  |TAMS 0x0000000080a00000| PB 0x0000000080a00000| Untracked 
|  11|0x0000000080b00000, 0x0000000080b00000, 0x0000000080c00000|  0%| F|  |TAMS 0x0000000080b00000| PB 0x0000000080b00000| Untracked 
|  12|0x0000000080c00000, 0x0000000080c00000, 0x0000000080d00000|  0%| F|  |TAMS 0x0000000080c00000| PB 0x0000000080c00000| Untracked 
|  13|0x0000000080d00000, 0x0000000080d00000, 0x0000000080e00000|  0%| F|  |TAMS 0x0000000080d00000| PB 0x0000000080d00000| Untracked 
|  14|0x0000000080e00000, 0x0000000080e00000, 0x0000000080f00000|  0%| F|  |TAMS 0x0000000080e00000| PB 0x0000000080e00000| Untracked 
|  15|0x0000000080f00000, 0x0000000080f00000, 0x0000000081000000|  0%| F|  |TAMS 0x0000000080f00000| PB 0x0000000080f00000| Untracked 
|  16|0x0000000081000000, 0x0000000081000000, 0x0000000081100000|  0%| F|  |TAMS 0x0000000081000000| PB 0x0000000081000000| Untracked 
|  17|0x0000000081100000, 0x0000000081100000, 0x0000000081200000|  0%| F|  |TAMS 0x0000000081100000| PB 0x0000000081100000| Untracked 
|  18|0x0000000081200000, 0x0000000081200000, 0x0000000081300000|  0%| F|  |TAMS 0x0000000081200000| PB 0x0000000081200000| Untracked 
|  19|0x0000000081300000, 0x0000000081300000, 0x0000000081400000|  0%| F|  |TAMS 0x0000000081300000| PB 0x0000000081300000| Untracked 
|  20|0x0000000081400000, 0x0000000081400000, 0x0000000081500000|  0%| F|  |TAMS 0x0000000081400000| PB 0x0000000081400000| Untracked 
|  21|0x0000000081500000, 0x0000000081500000, 0x0000000081600000|  0%| F|  |TAMS 0x0000000081500000| PB 0x0000000081500000| Untracked 
|  22|0x0000000081600000, 0x0000000081600000, 0x0000000081700000|  0%| F|  |TAMS 0x0000000081600000| PB 0x0000000081600000| Untracked 
|  23|0x0000000081700000, 0x0000000081700000, 0x0000000081800000|  0%| F|  |TAMS 0x0000000081700000| PB 0x0000000081700000| Untracked 
|  24|0x0000000081800000, 0x0000000081800000, 0x0000000081900000|  0%| F|  |TAMS 0x0000000081800000| PB 0x0000000081800000| Untracked 
|  25|0x0000000081900000, 0x0000000081900000, 0x0000000081a00000|  0%| F|  |TAMS 0x0000000081900000| PB 0x0000000081900000| Untracked 
|  26|0x0000000081a00000, 0x0000000081a00000, 0x0000000081b00000|  0%| F|  |TAMS 0x0000000081a00000| PB 0x0000000081a00000| Untracked 
|  27|0x0000000081b00000, 0x0000000081b00000, 0x0000000081c00000|  0%| F|  |TAMS 0x0000000081b00000| PB 0x0000000081b00000| Untracked 
|  28|0x0000000081c00000, 0x0000000081c00000, 0x0000000081d00000|  0%| F|  |TAMS 0x0000000081c00000| PB 0x0000000081c00000| Untracked 
|  29|0x0000000081d00000, 0x0000000081d00000, 0x0000000081e00000|  0%| F|  |TAMS 0x0000000081d00000| PB 0x0000000081d00000| Untracked 
|  30|0x0000000081e00000, 0x0000000081e00000, 0x0000000081f00000|  0%| F|  |TAMS 0x0000000081e00000| PB 0x0000000081e00000| Untracked 
|  31|0x0000000081f00000, 0x0000000081f00000, 0x0000000082000000|  0%| F|  |TAMS 0x0000000081f00000| PB 0x0000000081f00000| Untracked 
|  32|0x0000000082000000, 0x0000000082000000, 0x0000000082100000|  0%| F|  |TAMS 0x0000000082000000| PB 0x0000000082000000| Untracked 
|  33|0x0000000082100000, 0x0000000082100000, 0x0000000082200000|  0%| F|  |TAMS 0x0000000082100000| PB 0x0000000082100000| Untracked 
|  34|0x0000000082200000, 0x0000000082200000, 0x0000000082300000|  0%| F|  |TAMS 0x0000000082200000| PB 0x0000000082200000| Untracked 
|  35|0x0000000082300000, 0x0000000082300000, 0x0000000082400000|  0%| F|  |TAMS 0x0000000082300000| PB 0x0000000082300000| Untracked 
|  36|0x0000000082400000, 0x0000000082400000, 0x0000000082500000|  0%| F|  |TAMS 0x0000000082400000| PB 0x0000000082400000| Untracked 
|  37|0x0000000082500000, 0x0000000082500000, 0x0000000082600000|  0%| F|  |TAMS 0x0000000082500000| PB 0x0000000082500000| Untracked 
|  38|0x0000000082600000, 0x0000000082600000, 0x0000000082700000|  0%| F|  |TAMS 0x0000000082600000| PB 0x0000000082600000| Untracked 
|  39|0x0000000082700000, 0x0000000082700000, 0x0000000082800000|  0%| F|  |TAMS 0x0000000082700000| PB 0x0000000082700000| Untracked 
|  40|0x0000000082800000, 0x0000000082800000, 0x0000000082900000|  0%| F|  |TAMS 0x0000000082800000| PB 0x0000000082800000| Untracked 
|  41|0x0000000082900000, 0x0000000082900000, 0x0000000082a00000|  0%| F|  |TAMS 0x0000000082900000| PB 0x0000000082900000| Untracked 
|  42|0x0000000082a00000, 0x0000000082a00000, 0x0000000082b00000|  0%| F|  |TAMS 0x0000000082a00000| PB 0x0000000082a00000| Untracked 
|  43|0x0000000082b00000, 0x0000000082b00000, 0x0000000082c00000|  0%| F|  |TAMS 0x0000000082b00000| PB 0x0000000082b00000| Untracked 
|  44|0x0000000082c00000, 0x0000000082c00000, 0x0000000082d00000|  0%| F|  |TAMS 0x0000000082c00000| PB 0x0000000082c00000| Untracked 
|  45|0x0000000082d00000, 0x0000000082d00000, 0x0000000082e00000|  0%| F|  |TAMS 0x0000000082d00000| PB 0x0000000082d00000| Untracked 
|  46|0x0000000082e00000, 0x0000000082e00000, 0x0000000082f00000|  0%| F|  |TAMS 0x0000000082e00000| PB 0x0000000082e00000| Untracked 
|  47|0x0000000082f00000, 0x0000000082f00000, 0x0000000083000000|  0%| F|  |TAMS 0x0000000082f00000| PB 0x0000000082f00000| Untracked 
|  48|0x0000000083000000, 0x0000000083000000, 0x0000000083100000|  0%| F|  |TAMS 0x0000000083000000| PB 0x0000000083000000| Untracked 
|  49|0x0000000083100000, 0x0000000083100000, 0x0000000083200000|  0%| F|  |TAMS 0x0000000083100000| PB 0x0000000083100000| Untracked 
|  50|0x0000000083200000, 0x0000000083200000, 0x0000000083300000|  0%| F|  |TAMS 0x0000000083200000| PB 0x0000000083200000| Untracked 
|  51|0x0000000083300000, 0x0000000083300000, 0x0000000083400000|  0%| F|  |TAMS 0x0000000083300000| PB 0x0000000083300000| Untracked 
|  52|0x0000000083400000, 0x0000000083400000, 0x0000000083500000|  0%| F|  |TAMS 0x0000000083400000| PB 0x0000000083400000| Untracked 
|  53|0x0000000083500000, 0x0000000083500000, 0x0000000083600000|  0%| F|  |TAMS 0x0000000083500000| PB 0x0000000083500000| Untracked 
|  54|0x0000000083600000, 0x0000000083600000, 0x0000000083700000|  0%| F|  |TAMS 0x0000000083600000| PB 0x0000000083600000| Untracked 
|  55|0x0000000083700000, 0x0000000083700000, 0x0000000083800000|  0%| F|  |TAMS 0x0000000083700000| PB 0x0000000083700000| Untracked 
|  56|0x0000000083800000, 0x0000000083800000, 0x0000000083900000|  0%| F|  |TAMS 0x0000000083800000| PB 0x0000000083800000| Untracked 
|  57|0x0000000083900000, 0x0000000083900000, 0x0000000083a00000|  0%| F|  |TAMS 0x0000000083900000| PB 0x0000000083900000| Untracked 
|  58|0x0000000083a00000, 0x0000000083a00000, 0x0000000083b00000|  0%| F|  |TAMS 0x0000000083a00000| PB 0x0000000083a00000| Untracked 
|  59|0x0000000083b00000, 0x0000000083b00000, 0x0000000083c00000|  0%| F|  |TAMS 0x0000000083b00000| PB 0x0000000083b00000| Untracked 
|  60|0x0000000083c00000, 0x0000000083c00000, 0x0000000083d00000|  0%| F|  |TAMS 0x0000000083c00000| PB 0x0000000083c00000| Untracked 
|  61|0x0000000083d00000, 0x0000000083d00000, 0x0000000083e00000|  0%| F|  |TAMS 0x0000000083d00000| PB 0x0000000083d00000| Untracked 
|  62|0x0000000083e00000, 0x0000000083e00000, 0x0000000083f00000|  0%| F|  |TAMS 0x0000000083e00000| PB 0x0000000083e00000| Untracked 
|  63|0x0000000083f00000, 0x0000000083f00000, 0x0000000084000000|  0%| F|  |TAMS 0x0000000083f00000| PB 0x0000000083f00000| Untracked 
|  64|0x0000000084000000, 0x0000000084000000, 0x0000000084100000|  0%| F|  |TAMS 0x0000000084000000| PB 0x0000000084000000| Untracked 
|  65|0x0000000084100000, 0x0000000084100000, 0x0000000084200000|  0%| F|  |TAMS 0x0000000084100000| PB 0x0000000084100000| Untracked 
|  66|0x0000000084200000, 0x0000000084200000, 0x0000000084300000|  0%| F|  |TAMS 0x0000000084200000| PB 0x0000000084200000| Untracked 
|  67|0x0000000084300000, 0x0000000084300000, 0x0000000084400000|  0%| F|  |TAMS 0x0000000084300000| PB 0x0000000084300000| Untracked 
|  68|0x0000000084400000, 0x0000000084400000, 0x0000000084500000|  0%| F|  |TAMS 0x0000000084400000| PB 0x0000000084400000| Untracked 
|  69|0x0000000084500000, 0x0000000084500000, 0x0000000084600000|  0%| F|  |TAMS 0x0000000084500000| PB 0x0000000084500000| Untracked 
|  70|0x0000000084600000, 0x0000000084600000, 0x0000000084700000|  0%| F|  |TAMS 0x0000000084600000| PB 0x0000000084600000| Untracked 
|  71|0x0000000084700000, 0x0000000084700000, 0x0000000084800000|  0%| F|  |TAMS 0x0000000084700000| PB 0x0000000084700000| Untracked 
|  72|0x0000000084800000, 0x0000000084800000, 0x0000000084900000|  0%| F|  |TAMS 0x0000000084800000| PB 0x0000000084800000| Untracked 
|  73|0x0000000084900000, 0x0000000084900000, 0x0000000084a00000|  0%| F|  |TAMS 0x0000000084900000| PB 0x0000000084900000| Untracked 
|  74|0x0000000084a00000, 0x0000000084a00000, 0x0000000084b00000|  0%| F|  |TAMS 0x0000000084a00000| PB 0x0000000084a00000| Untracked 
|  75|0x0000000084b00000, 0x0000000084bda378, 0x0000000084c00000| 85%| S|CS|TAMS 0x0000000084b00000| PB 0x0000000084b00000| Complete 
|  76|0x0000000084c00000, 0x0000000084d00000, 0x0000000084d00000|100%| S|CS|TAMS 0x0000000084c00000| PB 0x0000000084c00000| Complete 
|  77|0x0000000084d00000, 0x0000000084e00000, 0x0000000084e00000|100%| S|CS|TAMS 0x0000000084d00000| PB 0x0000000084d00000| Complete 
|  78|0x0000000084e00000, 0x0000000084f00000, 0x0000000084f00000|100%| S|CS|TAMS 0x0000000084e00000| PB 0x0000000084e00000| Complete 
|  79|0x0000000084f00000, 0x0000000084f00000, 0x0000000085000000|  0%| F|  |TAMS 0x0000000084f00000| PB 0x0000000084f00000| Untracked 
|  80|0x0000000085000000, 0x0000000085000000, 0x0000000085100000|  0%| F|  |TAMS 0x0000000085000000| PB 0x0000000085000000| Untracked 
|  81|0x0000000085100000, 0x0000000085100000, 0x0000000085200000|  0%| F|  |TAMS 0x0000000085100000| PB 0x0000000085100000| Untracked 
|  82|0x0000000085200000, 0x0000000085200000, 0x0000000085300000|  0%| F|  |TAMS 0x0000000085200000| PB 0x0000000085200000| Untracked 
|  83|0x0000000085300000, 0x0000000085300000, 0x0000000085400000|  0%| F|  |TAMS 0x0000000085300000| PB 0x0000000085300000| Untracked 
|  84|0x0000000085400000, 0x0000000085400000, 0x0000000085500000|  0%| F|  |TAMS 0x0000000085400000| PB 0x0000000085400000| Untracked 
|  85|0x0000000085500000, 0x0000000085500000, 0x0000000085600000|  0%| F|  |TAMS 0x0000000085500000| PB 0x0000000085500000| Untracked 
|  86|0x0000000085600000, 0x0000000085600000, 0x0000000085700000|  0%| F|  |TAMS 0x0000000085600000| PB 0x0000000085600000| Untracked 
|  87|0x0000000085700000, 0x0000000085700000, 0x0000000085800000|  0%| F|  |TAMS 0x0000000085700000| PB 0x0000000085700000| Untracked 
|  88|0x0000000085800000, 0x0000000085800000, 0x0000000085900000|  0%| F|  |TAMS 0x0000000085800000| PB 0x0000000085800000| Untracked 
|  89|0x0000000085900000, 0x0000000085900000, 0x0000000085a00000|  0%| F|  |TAMS 0x0000000085900000| PB 0x0000000085900000| Untracked 
|  90|0x0000000085a00000, 0x0000000085a00000, 0x0000000085b00000|  0%| F|  |TAMS 0x0000000085a00000| PB 0x0000000085a00000| Untracked 
|  91|0x0000000085b00000, 0x0000000085b00000, 0x0000000085c00000|  0%| F|  |TAMS 0x0000000085b00000| PB 0x0000000085b00000| Untracked 
|  92|0x0000000085c00000, 0x0000000085c75d68, 0x0000000085d00000| 46%| E|  |TAMS 0x0000000085c00000| PB 0x0000000085c00000| Complete 
|  93|0x0000000085d00000, 0x0000000085e00000, 0x0000000085e00000|100%| E|CS|TAMS 0x0000000085d00000| PB 0x0000000085d00000| Complete 
|  94|0x0000000085e00000, 0x0000000085f00000, 0x0000000085f00000|100%| E|CS|TAMS 0x0000000085e00000| PB 0x0000000085e00000| Complete 
|  95|0x0000000085f00000, 0x0000000086000000, 0x0000000086000000|100%| E|CS|TAMS 0x0000000085f00000| PB 0x0000000085f00000| Complete 
|  96|0x0000000086000000, 0x0000000086100000, 0x0000000086100000|100%| E|CS|TAMS 0x0000000086000000| PB 0x0000000086000000| Complete 
|  97|0x0000000086100000, 0x0000000086200000, 0x0000000086200000|100%| E|CS|TAMS 0x0000000086100000| PB 0x0000000086100000| Complete 
|  98|0x0000000086200000, 0x0000000086300000, 0x0000000086300000|100%| E|CS|TAMS 0x0000000086200000| PB 0x0000000086200000| Complete 
|  99|0x0000000086300000, 0x0000000086400000, 0x0000000086400000|100%| E|CS|TAMS 0x0000000086300000| PB 0x0000000086300000| Complete 
| 100|0x0000000086400000, 0x0000000086500000, 0x0000000086500000|100%| E|CS|TAMS 0x0000000086400000| PB 0x0000000086400000| Complete 
| 101|0x0000000086500000, 0x0000000086600000, 0x0000000086600000|100%| E|CS|TAMS 0x0000000086500000| PB 0x0000000086500000| Complete 
| 102|0x0000000086600000, 0x0000000086700000, 0x0000000086700000|100%| E|CS|TAMS 0x0000000086600000| PB 0x0000000086600000| Complete 
| 103|0x0000000086700000, 0x0000000086800000, 0x0000000086800000|100%| E|CS|TAMS 0x0000000086700000| PB 0x0000000086700000| Complete 
| 104|0x0000000086800000, 0x0000000086900000, 0x0000000086900000|100%| E|CS|TAMS 0x0000000086800000| PB 0x0000000086800000| Complete 
| 105|0x0000000086900000, 0x0000000086a00000, 0x0000000086a00000|100%| E|CS|TAMS 0x0000000086900000| PB 0x0000000086900000| Complete 
| 106|0x0000000086a00000, 0x0000000086b00000, 0x0000000086b00000|100%| E|CS|TAMS 0x0000000086a00000| PB 0x0000000086a00000| Complete 
| 107|0x0000000086b00000, 0x0000000086c00000, 0x0000000086c00000|100%| E|CS|TAMS 0x0000000086b00000| PB 0x0000000086b00000| Complete 
| 108|0x0000000086c00000, 0x0000000086d00000, 0x0000000086d00000|100%| E|CS|TAMS 0x0000000086c00000| PB 0x0000000086c00000| Complete 
| 109|0x0000000086d00000, 0x0000000086e00000, 0x0000000086e00000|100%| E|CS|TAMS 0x0000000086d00000| PB 0x0000000086d00000| Complete 
| 110|0x0000000086e00000, 0x0000000086f00000, 0x0000000086f00000|100%| E|CS|TAMS 0x0000000086e00000| PB 0x0000000086e00000| Complete 
| 111|0x0000000086f00000, 0x0000000087000000, 0x0000000087000000|100%| E|CS|TAMS 0x0000000086f00000| PB 0x0000000086f00000| Complete 
| 112|0x0000000087000000, 0x0000000087100000, 0x0000000087100000|100%| E|CS|TAMS 0x0000000087000000| PB 0x0000000087000000| Complete 
| 113|0x0000000087100000, 0x0000000087200000, 0x0000000087200000|100%| E|CS|TAMS 0x0000000087100000| PB 0x0000000087100000| Complete 
| 114|0x0000000087200000, 0x0000000087300000, 0x0000000087300000|100%| E|CS|TAMS 0x0000000087200000| PB 0x0000000087200000| Complete 
| 115|0x0000000087300000, 0x0000000087400000, 0x0000000087400000|100%| E|CS|TAMS 0x0000000087300000| PB 0x0000000087300000| Complete 
| 116|0x0000000087400000, 0x0000000087500000, 0x0000000087500000|100%| E|CS|TAMS 0x0000000087400000| PB 0x0000000087400000| Complete 
| 117|0x0000000087500000, 0x0000000087600000, 0x0000000087600000|100%| E|CS|TAMS 0x0000000087500000| PB 0x0000000087500000| Complete 
| 118|0x0000000087600000, 0x0000000087700000, 0x0000000087700000|100%| E|CS|TAMS 0x0000000087600000| PB 0x0000000087600000| Complete 
| 119|0x0000000087700000, 0x0000000087800000, 0x0000000087800000|100%| E|CS|TAMS 0x0000000087700000| PB 0x0000000087700000| Complete 
| 120|0x0000000087800000, 0x0000000087900000, 0x0000000087900000|100%| E|CS|TAMS 0x0000000087800000| PB 0x0000000087800000| Complete 
| 121|0x0000000087900000, 0x0000000087a00000, 0x0000000087a00000|100%| E|CS|TAMS 0x0000000087900000| PB 0x0000000087900000| Complete 
| 122|0x0000000087a00000, 0x0000000087b00000, 0x0000000087b00000|100%| E|CS|TAMS 0x0000000087a00000| PB 0x0000000087a00000| Complete 
| 123|0x0000000087b00000, 0x0000000087c00000, 0x0000000087c00000|100%| E|CS|TAMS 0x0000000087b00000| PB 0x0000000087b00000| Complete 
| 124|0x0000000087c00000, 0x0000000087d00000, 0x0000000087d00000|100%| E|CS|TAMS 0x0000000087c00000| PB 0x0000000087c00000| Complete 
| 125|0x0000000087d00000, 0x0000000087e00000, 0x0000000087e00000|100%| E|CS|TAMS 0x0000000087d00000| PB 0x0000000087d00000| Complete 
| 126|0x0000000087e00000, 0x0000000087f00000, 0x0000000087f00000|100%| E|CS|TAMS 0x0000000087e00000| PB 0x0000000087e00000| Complete 
| 127|0x0000000087f00000, 0x0000000088000000, 0x0000000088000000|100%| E|CS|TAMS 0x0000000087f00000| PB 0x0000000087f00000| Complete 

Card table byte_map: [0x000002534c7a0000,0x000002534cba0000] _byte_map_base: 0x000002534c3a0000

Marking Bits: (CMBitMap*) 0x0000025338c54770
 Bits: [0x000002534cba0000, 0x000002534eba0000)

Polling page: 0x00000253383c0000

Metaspace:

Usage:
  Non-class:     25.82 MB used.
      Class:      2.89 MB used.
       Both:     28.70 MB used.

Virtual space:
  Non-class space:       64.00 MB reserved,      26.06 MB ( 41%) committed,  1 nodes.
      Class space:        1.00 GB reserved,       3.06 MB ( <1%) committed,  1 nodes.
             Both:        1.06 GB reserved,      29.12 MB (  3%) committed. 

Chunk freelists:
   Non-Class:  5.94 MB
       Class:  12.94 MB
        Both:  18.89 MB

MaxMetaspaceSize: unlimited
CompressedClassSpaceSize: 1.00 GB
Initial GC threshold: 21.00 MB
Current GC threshold: 35.12 MB
CDS: off
 - commit_granule_bytes: 65536.
 - commit_granule_words: 8192.
 - virtual_space_node_default_size: 8388608.
 - enlarge_chunks_in_place: 1.
 - use_allocation_guard: 0.


Internal statistics:

num_allocs_failed_limit: 3.
num_arena_births: 642.
num_arena_deaths: 0.
num_vsnodes_births: 2.
num_vsnodes_deaths: 0.
num_space_committed: 466.
num_space_uncommitted: 0.
num_chunks_returned_to_freelist: 3.
num_chunks_taken_from_freelist: 1246.
num_chunk_merges: 0.
num_chunk_splits: 719.
num_chunks_enlarged: 311.
num_inconsistent_stats: 0.

CodeHeap 'non-profiled nmethods': size=119168Kb used=2255Kb max_used=2255Kb free=116912Kb
 bounds [0x00000253446b0000, 0x0000025344920000, 0x000002534bb10000]
CodeHeap 'profiled nmethods': size=119104Kb used=8714Kb max_used=8714Kb free=110389Kb
 bounds [0x000002533cb10000, 0x000002533d3a0000, 0x0000025343f60000]
CodeHeap 'non-nmethods': size=7488Kb used=1524Kb max_used=3295Kb free=5963Kb
 bounds [0x0000025343f60000, 0x00000253442b0000, 0x00000253446b0000]
 total_blobs=4776 nmethods=4186 adapters=494
 compilation: enabled
              stopped_count=0, restarted_count=0
 full_count=0

Compilation events (20 events):
Event: 1244.817 Thread 0x00000253560ea3c0 nmethod 4182 0x000002533d38ed90 code [0x000002533d38ef60, 0x000002533d38f2a0]
Event: 1244.817 Thread 0x00000253560ea3c0 4178       3       java.net.URLClassLoader::findResource (33 bytes)
Event: 1244.818 Thread 0x00000253560ea3c0 nmethod 4178 0x000002533d38f410 code [0x000002533d38f660, 0x000002533d38fe90]
Event: 1244.818 Thread 0x00000253560ea3c0 4179       3       java.net.URLClassLoader$2::<init> (15 bytes)
Event: 1244.818 Thread 0x00000253560ea3c0 nmethod 4179 0x000002533d390210 code [0x000002533d3903c0, 0x000002533d3905e0]
Event: 1244.818 Thread 0x00000253560ea3c0 4180       3       java.net.URLClassLoader$2::run (5 bytes)
Event: 1244.818 Thread 0x00000253560ea3c0 nmethod 4180 0x000002533d390690 code [0x000002533d390840, 0x000002533d390a28]
Event: 1244.818 Thread 0x00000253560ea3c0 4181       3       java.net.URLClassLoader$2::run (16 bytes)
Event: 1244.818 Thread 0x00000253560ea3c0 nmethod 4181 0x000002533d390b90 code [0x000002533d390d40, 0x000002533d390eb8]
Event: 1264.838 Thread 0x00000253560ea3c0 4183   !   3       com.mysql.cj.jdbc.AbandonedConnectionCleanupThread::checkThreadContextClassLoader (20 bytes)
Event: 1264.842 Thread 0x00000253560ea3c0 nmethod 4183 0x000002533d390f90 code [0x000002533d3911a0, 0x000002533d3917d0]
Event: 1342.403 Thread 0x00000253560e1600 4184   !   4       java.io.ObjectOutputStream::defaultWriteFields (288 bytes)
Event: 1342.455 Thread 0x00000253560e1600 nmethod 4184 0x00000253448def10 code [0x00000253448df2c0, 0x00000253448e1a98]
Event: 1423.464 Thread 0x00000253560e1600 4185   !   4       sun.rmi.server.UnicastServerRef::logCall (65 bytes)
Event: 1423.470 Thread 0x00000253560e1600 nmethod 4185 0x00000253448e3610 code [0x00000253448e37a0, 0x00000253448e38b8]
Event: 1450.479 Thread 0x00000253560e1600 4186       4       java.rmi.server.UID::hashCode (11 bytes)
Event: 1450.479 Thread 0x00000253560e1600 nmethod 4186 0x00000253448e3a10 code [0x00000253448e3b80, 0x00000253448e3c18]
Event: 1594.554 Thread 0x00000253560e1600 4187       4       sun.rmi.transport.tcp.TCPConnection::getOutputStream (30 bytes)
Event: 1594.555 Thread 0x00000253560ea3c0 4188       3       com.intellij.execution.rmi.IdeaWatchdogImpl::isAlive (38 bytes)
Event: 1594.563 Thread 0x00000253560ea3c0 nmethod 4188 0x000002533d391a90 code [0x000002533d391ce0, 0x000002533d392670]

GC Heap History (6 events):
Event: 0.604 GC heap before
{Heap before GC invocations=0 (full 0):
 garbage-first heap   total 131072K, used 26624K [0x0000000080000000, 0x0000000100000000)
  region size 1024K, 23 young (23552K), 0 survivors (0K)
 Metaspace       used 17359K, committed 17728K, reserved 1114112K
  class space    used 1790K, committed 1984K, reserved 1048576K
}
Event: 0.609 GC heap after
{Heap after GC invocations=1 (full 0):
 garbage-first heap   total 131072K, used 9059K [0x0000000080000000, 0x0000000100000000)
  region size 1024K, 3 young (3072K), 3 survivors (3072K)
 Metaspace       used 17359K, committed 17728K, reserved 1114112K
  class space    used 1790K, committed 1984K, reserved 1048576K
}
Event: 0.735 GC heap before
{Heap before GC invocations=1 (full 0):
 garbage-first heap   total 131072K, used 16227K [0x0000000080000000, 0x0000000100000000)
  region size 1024K, 12 young (12288K), 3 survivors (3072K)
 Metaspace       used 21109K, committed 21504K, reserved 1114112K
  class space    used 2166K, committed 2368K, reserved 1048576K
}
Event: 0.739 GC heap after
{Heap after GC invocations=2 (full 0):
 garbage-first heap   total 131072K, used 11289K [0x0000000080000000, 0x0000000100000000)
  region size 1024K, 2 young (2048K), 2 survivors (2048K)
 Metaspace       used 21109K, committed 21504K, reserved 1114112K
  class space    used 2166K, committed 2368K, reserved 1048576K
}
Event: 68.588 GC heap before
{Heap before GC invocations=3 (full 0):
 garbage-first heap   total 131072K, used 59417K [0x0000000080000000, 0x0000000100000000)
  region size 1024K, 49 young (50176K), 2 survivors (2048K)
 Metaspace       used 29076K, committed 29504K, reserved 1114112K
  class space    used 2950K, committed 3136K, reserved 1048576K
}
Event: 68.595 GC heap after
{Heap after GC invocations=4 (full 0):
 garbage-first heap   total 131072K, used 13501K [0x0000000080000000, 0x0000000100000000)
  region size 1024K, 4 young (4096K), 4 survivors (4096K)
 Metaspace       used 29076K, committed 29504K, reserved 1114112K
  class space    used 2950K, committed 3136K, reserved 1048576K
}

Dll operation events (2 events):
Event: 0.011 Loaded shared library C:\Program Files\JetBrains\IntelliJ IDEA 2024.2.3\jbr\bin\java.dll
Event: 0.016 Loaded shared library C:\Program Files\JetBrains\IntelliJ IDEA 2024.2.3\jbr\bin\zip.dll

Deoptimization events (20 events):
Event: 68.414 Thread 0x00000253568787a0 Uncommon trap: trap_request=0xffffffbe fr.pc=0x000002534484a4e0 relative=0x0000000000000340
Event: 68.414 Thread 0x00000253568787a0 Uncommon trap: reason=profile_predicate action=maybe_recompile pc=0x000002534484a4e0 method=sun.security.provider.HashDrbg.addBytes([BI[[B)V @ 36 c2
Event: 68.414 Thread 0x00000253568787a0 DEOPT PACKING pc=0x000002534484a4e0 sp=0x000000ec6a9fe320
Event: 68.414 Thread 0x00000253568787a0 DEOPT UNPACKING pc=0x0000025343fb46a2 sp=0x000000ec6a9fe270 mode 2
Event: 68.414 Thread 0x00000253568787a0 Uncommon trap: trap_request=0xffffffbe fr.pc=0x000002534484a4e0 relative=0x0000000000000340
Event: 68.414 Thread 0x00000253568787a0 Uncommon trap: reason=profile_predicate action=maybe_recompile pc=0x000002534484a4e0 method=sun.security.provider.HashDrbg.addBytes([BI[[B)V @ 36 c2
Event: 68.414 Thread 0x00000253568787a0 DEOPT PACKING pc=0x000002534484a4e0 sp=0x000000ec6a9fe320
Event: 68.414 Thread 0x00000253568787a0 DEOPT UNPACKING pc=0x0000025343fb46a2 sp=0x000000ec6a9fe270 mode 2
Event: 90.538 Thread 0x0000025356945980 Uncommon trap: trap_request=0xffffff45 fr.pc=0x00000253447b9230 relative=0x00000000000000f0
Event: 90.538 Thread 0x0000025356945980 Uncommon trap: reason=unstable_if action=reinterpret pc=0x00000253447b9230 method=java.io.BufferedInputStream.implRead()I @ 23 c2
Event: 90.538 Thread 0x0000025356945980 DEOPT PACKING pc=0x00000253447b9230 sp=0x000000ec6a8feb70
Event: 90.538 Thread 0x0000025356945980 DEOPT UNPACKING pc=0x0000025343fb46a2 sp=0x000000ec6a8feb20 mode 2
Event: 100.978 Thread 0x00000253568787a0 Uncommon trap: trap_request=0xffffffcc fr.pc=0x0000025344897e20 relative=0x0000000000003be0
Event: 100.978 Thread 0x00000253568787a0 Uncommon trap: reason=intrinsic_or_type_checked_inlining action=make_not_entrant pc=0x0000025344897e20 method=java.util.ArrayList.toArray([Ljava/lang/Object;)[Ljava/lang/Object; @ 36 c2
Event: 100.978 Thread 0x00000253568787a0 DEOPT PACKING pc=0x0000025344897e20 sp=0x000000ec6a9fe510
Event: 100.978 Thread 0x00000253568787a0 DEOPT UNPACKING pc=0x0000025343fb46a2 sp=0x000000ec6a9fe388 mode 2
Event: 401.471 Thread 0x00000253568794c0 Uncommon trap: trap_request=0xffffff45 fr.pc=0x000002534483f704 relative=0x00000000000028a4
Event: 401.471 Thread 0x00000253568794c0 Uncommon trap: reason=unstable_if action=reinterpret pc=0x000002534483f704 method=java.lang.ThreadLocal.get(Ljava/lang/Thread;)Ljava/lang/Object; @ 7 c2
Event: 401.471 Thread 0x00000253568794c0 DEOPT PACKING pc=0x000002534483f704 sp=0x000000ec6abff050
Event: 401.472 Thread 0x00000253568794c0 DEOPT UNPACKING pc=0x0000025343fb46a2 sp=0x000000ec6abfeaf0 mode 2

Classes loaded (20 events):
Event: 1.785 Loading class java/lang/Short$ShortCache
Event: 1.785 Loading class java/lang/Short$ShortCache done
Event: 1.789 Loading class java/util/regex/Pattern$Behind
Event: 1.789 Loading class java/util/regex/Pattern$Behind done
Event: 1.789 Loading class java/util/regex/Pattern$Pos
Event: 1.789 Loading class java/util/regex/Pattern$Pos done
Event: 2.245 Loading class java/io/ObjectOutputStream$PutFieldImpl
Event: 2.245 Loading class java/io/ObjectOutputStream$PutField
Event: 2.245 Loading class java/io/ObjectOutputStream$PutField done
Event: 2.245 Loading class java/io/ObjectOutputStream$PutFieldImpl done
Event: 15.546 Loading class java/util/ArrayList$ListItr
Event: 15.546 Loading class java/util/ArrayList$ListItr done
Event: 39.169 Loading class java/util/DualPivotQuicksort
Event: 39.170 Loading class java/util/DualPivotQuicksort done
Event: 68.401 Loading class java/lang/foreign/MemorySegment
Event: 68.402 Loading class java/lang/foreign/MemorySegment done
Event: 90.531 Loading class java/util/IdentityHashMap$KeyIterator
Event: 90.531 Loading class java/util/IdentityHashMap$IdentityHashMapIterator
Event: 90.531 Loading class java/util/IdentityHashMap$IdentityHashMapIterator done
Event: 90.531 Loading class java/util/IdentityHashMap$KeyIterator done

Classes unloaded (0 events):
No events

Classes redefined (0 events):
No events

Internal exceptions (20 events):
Event: 1.246 Thread 0x0000025356945980 Exception <a 'java/lang/NoSuchMethodError'{0x000000008717fa78}: 'void java.lang.invoke.DirectMethodHandle$Holder.invokeInterface(java.lang.Object, java.lang.Object)'> (0x000000008717fa78) 
thrown [s\src\hotspot\share\interpreter\linkResolver.cpp, line 784]
Event: 1.315 Thread 0x0000025356945980 Exception <a 'java/io/IOException'{0x000000008719af40}> (0x000000008719af40) 
thrown [s\src\hotspot\share\prims\jni.cpp, line 535]
Event: 1.790 Thread 0x00000253568787a0 Exception <a 'java/lang/NoSuchMethodError'{0x0000000086e0e380}: static Lcom/intellij/database/remote/jdba/core/ConnectionInfo;.<clinit>()V> (0x0000000086e0e380) 
thrown [s\src\hotspot\share\prims\jni.cpp, line 1126]
Event: 1.791 Thread 0x00000253568787a0 Exception <a 'java/lang/NoSuchMethodError'{0x0000000086e18ed8}: static Ljava/lang/Object;.<clinit>()V> (0x0000000086e18ed8) 
thrown [s\src\hotspot\share\prims\jni.cpp, line 1126]
Event: 1.792 Thread 0x00000253568787a0 Exception <a 'java/lang/NoSuchMethodError'{0x0000000086e1d4b8}: static [I.<clinit>()V> (0x0000000086e1d4b8) 
thrown [s\src\hotspot\share\prims\jni.cpp, line 1126]
Event: 1.817 Thread 0x00000253568787a0 Exception <a 'java/lang/NoSuchMethodError'{0x0000000086e41920}: 'java.lang.Object java.lang.invoke.DirectMethodHandle$Holder.invokeInterface(java.lang.Object, java.lang.Object, java.lang.Object, java.lang.Object)'> (0x0000000086e41920) 
thrown [s\src\hotspot\share\interpreter\linkResolver.cpp, line 784]
Event: 1.859 Thread 0x00000253568787a0 Exception <a 'java/lang/NoSuchMethodError'{0x0000000086d488c8}: static Lcom/intellij/database/remote/jdba/core/ResultLayout;.<clinit>()V> (0x0000000086d488c8) 
thrown [s\src\hotspot\share\prims\jni.cpp, line 1126]
Event: 1.861 Thread 0x00000253568787a0 Exception <a 'java/lang/NoSuchMethodError'{0x0000000086d55c80}: static Lcom/intellij/database/remote/jdba/core/RowLayout;.<clinit>()V> (0x0000000086d55c80) 
thrown [s\src\hotspot\share\prims\jni.cpp, line 1126]
Event: 1.862 Thread 0x00000253568787a0 Exception <a 'java/lang/NoSuchMethodError'{0x0000000086d616f8}: static Lcom/intellij/database/remote/jdba/util/NameAndClass;.<clinit>()V> (0x0000000086d616f8) 
thrown [s\src\hotspot\share\prims\jni.cpp, line 1126]
Event: 1.862 Thread 0x00000253568787a0 Exception <a 'java/lang/NoSuchMethodError'{0x0000000086d64368}: 'java.lang.Object java.lang.invoke.DirectMethodHandle$Holder.invokeInterface(java.lang.Object, java.lang.Object, int, java.lang.Object)'> (0x0000000086d64368) 
thrown [s\src\hotspot\share\interpreter\linkResolver.cpp, line 784]
Event: 1.863 Thread 0x00000253568787a0 Exception <a 'java/lang/NoSuchMethodError'{0x0000000086d68478}: 'java.lang.Object java.lang.invoke.DirectMethodHandle$Holder.invokeSpecial(java.lang.Object, java.lang.Object, java.lang.Object, int, java.lang.Object)'> (0x0000000086d68478) 
thrown [s\src\hotspot\share\interpreter\linkResolver.cpp, line 784]
Event: 1.902 Thread 0x00000253568787a0 Exception <a 'java/lang/NoSuchMethodError'{0x0000000086dde480}: static [Ljava/lang/String;.<clinit>()V> (0x0000000086dde480) 
thrown [s\src\hotspot\share\prims\jni.cpp, line 1126]
Event: 2.012 Thread 0x00000253568787a0 Exception <a 'java/lang/NoSuchMethodError'{0x0000000086cb3470}: static [Ljava/lang/Object;.<clinit>()V> (0x0000000086cb3470) 
thrown [s\src\hotspot\share\prims\jni.cpp, line 1126]
Event: 2.559 Thread 0x00000253568787a0 Exception <a 'java/io/IOException'{0x00000000861e9718}> (0x00000000861e9718) 
thrown [s\src\hotspot\share\prims\jni.cpp, line 535]
Event: 35.705 Thread 0x00000253568787a0 Exception <a 'java/lang/NoSuchMethodError'{0x0000000085659650}: 'int java.lang.invoke.DirectMethodHandle$Holder.invokeInterface(java.lang.Object, java.lang.Object, int, int)'> (0x0000000085659650) 
thrown [s\src\hotspot\share\interpreter\linkResolver.cpp, line 784]
Event: 35.706 Thread 0x00000253568787a0 Exception <a 'java/lang/NoSuchMethodError'{0x0000000085660438}: 'int java.lang.invoke.DelegatingMethodHandle$Holder.reinvoke_L(java.lang.Object, java.lang.Object, int, int)'> (0x0000000085660438) 
thrown [s\src\hotspot\share\interpreter\linkResolver.cpp, line 784]
Event: 35.709 Thread 0x00000253568787a0 Exception <a 'java/lang/NoSuchMethodError'{0x0000000085676ee0}: static Lcom/intellij/database/remote/jdbc/RemoteResultSet$DataRetrievingOptions;.<clinit>()V> (0x0000000085676ee0) 
thrown [s\src\hotspot\share\prims\jni.cpp, line 1126]
Event: 68.822 Thread 0x00000253568787a0 Exception <a 'java/io/IOException'{0x0000000087702750}> (0x0000000087702750) 
thrown [s\src\hotspot\share\prims\jni.cpp, line 535]
Event: 99.012 Thread 0x00000253568787a0 Exception <a 'java/io/IOException'{0x000000008672d660}> (0x000000008672d660) 
thrown [s\src\hotspot\share\prims\jni.cpp, line 535]
Event: 401.471 Thread 0x00000253568794c0 Implicit null exception at 0x000002534483d240 to 0x000002534483f6a4

ZGC Phase Switch (0 events):
No events

VM Operations (20 events):
Event: 120.300 Executing VM operation: HandshakeAllThreads (HandshakeForDeflation)
Event: 120.300 Executing VM operation: HandshakeAllThreads (HandshakeForDeflation) done
Event: 120.300 Executing VM operation: RendezvousGCThreads
Event: 120.300 Executing VM operation: RendezvousGCThreads done
Event: 125.302 Executing VM operation: Cleanup
Event: 125.302 Executing VM operation: Cleanup done
Event: 321.388 Executing VM operation: Cleanup
Event: 321.388 Executing VM operation: Cleanup done
Event: 402.422 Executing VM operation: Cleanup
Event: 402.422 Executing VM operation: Cleanup done
Event: 406.423 Executing VM operation: Cleanup
Event: 406.423 Executing VM operation: Cleanup done
Event: 608.875 Executing VM operation: Cleanup
Event: 608.875 Executing VM operation: Cleanup done
Event: 649.227 Executing VM operation: Cleanup
Event: 649.227 Executing VM operation: Cleanup done
Event: 985.237 Executing VM operation: Cleanup
Event: 985.237 Executing VM operation: Cleanup done
Event: 1135.535 Executing VM operation: Cleanup
Event: 1135.535 Executing VM operation: Cleanup done

Memory protections (0 events):
No events

Nmethod flushes (0 events):
No events

Events (20 events):
Event: 100.982 Thread 0x0000025356593320 Thread exited: 0x0000025356593320
Event: 100.983 Thread 0x00000253568787a0 Thread added: 0x0000025356592600
Event: 100.983 Thread 0x000002535658fea0 Thread exited: 0x000002535658fea0
Event: 100.983 Thread 0x0000025356591250 Thread exited: 0x0000025356591250
Event: 100.983 Thread 0x000002535658ddd0 Thread exited: 0x000002535658ddd0
Event: 100.983 Thread 0x0000025356592c90 Thread exited: 0x0000025356592c90
Event: 100.983 Thread 0x0000025356592600 Thread exited: 0x0000025356592600
Event: 124.865 Thread 0x00000253568787a0 Thread added: 0x0000025356590bc0
Event: 124.865 Thread 0x00000253568787a0 Thread added: 0x0000025356593320
Event: 124.865 Thread 0x00000253568787a0 Thread added: 0x000002535658ca20
Event: 124.865 Thread 0x00000253568787a0 Thread added: 0x0000025356591f70
Event: 124.865 Thread 0x00000253568787a0 Thread added: 0x000002535658eaf0
Event: 124.865 Thread 0x00000253568787a0 Thread added: 0x000002535658fea0
Event: 124.865 Thread 0x0000025356590bc0 Thread exited: 0x0000025356590bc0
Event: 124.866 Thread 0x0000025356593320 Thread exited: 0x0000025356593320
Event: 124.866 Thread 0x000002535658ca20 Thread exited: 0x000002535658ca20
Event: 124.866 Thread 0x0000025356591f70 Thread exited: 0x0000025356591f70
Event: 124.866 Thread 0x000002535658fea0 Thread exited: 0x000002535658fea0
Event: 124.866 Thread 0x000002535658eaf0 Thread exited: 0x000002535658eaf0
Event: 150.540 Thread 0x0000025356945980 Thread exited: 0x0000025356945980


Dynamic libraries:
0x00007ff7af4b0000 - 0x00007ff7af4ba000 	C:\Program Files\JetBrains\IntelliJ IDEA 2024.2.3\jbr\bin\java.exe
0x00007ff91e770000 - 0x00007ff91e987000 	C:\WINDOWS\SYSTEM32\ntdll.dll
0x00007ff91c520000 - 0x00007ff91c5e4000 	C:\WINDOWS\System32\KERNEL32.DLL
0x00007ff91baa0000 - 0x00007ff91be59000 	C:\WINDOWS\System32\KERNELBASE.dll
0x00007ff91be60000 - 0x00007ff91bf71000 	C:\WINDOWS\System32\ucrtbase.dll
0x00007ff907930000 - 0x00007ff907948000 	C:\Program Files\JetBrains\IntelliJ IDEA 2024.2.3\jbr\bin\jli.dll
0x00007ff916900000 - 0x00007ff91691b000 	C:\Program Files\JetBrains\IntelliJ IDEA 2024.2.3\jbr\bin\VCRUNTIME140.dll
0x00007ff91d4b0000 - 0x00007ff91d65e000 	C:\WINDOWS\System32\USER32.dll
0x00007ff91ba70000 - 0x00007ff91ba96000 	C:\WINDOWS\System32\win32u.dll
0x00007ff8fe6d0000 - 0x00007ff8fe962000 	C:\WINDOWS\WinSxS\amd64_microsoft.windows.common-controls_6595b64144ccf1df_6.0.22621.4391_none_2715d37f73803e96\COMCTL32.dll
0x00007ff91d480000 - 0x00007ff91d4a9000 	C:\WINDOWS\System32\GDI32.dll
0x00007ff91c2b0000 - 0x00007ff91c3cb000 	C:\WINDOWS\System32\gdi32full.dll
0x00007ff91d250000 - 0x00007ff91d2f7000 	C:\WINDOWS\System32\msvcrt.dll
0x00007ff91c0a0000 - 0x00007ff91c13a000 	C:\WINDOWS\System32\msvcp_win.dll
0x00007ff91caa0000 - 0x00007ff91cad1000 	C:\WINDOWS\System32\IMM32.DLL
0x00007ff919630000 - 0x00007ff91963c000 	C:\Program Files\JetBrains\IntelliJ IDEA 2024.2.3\jbr\bin\vcruntime140_1.dll
0x00007ff8ea060000 - 0x00007ff8ea0ed000 	C:\Program Files\JetBrains\IntelliJ IDEA 2024.2.3\jbr\bin\msvcp140.dll
0x00007ff8c6250000 - 0x00007ff8c7007000 	C:\Program Files\JetBrains\IntelliJ IDEA 2024.2.3\jbr\bin\server\jvm.dll
0x00007ff91db80000 - 0x00007ff91dc32000 	C:\WINDOWS\System32\ADVAPI32.dll
0x00007ff91dca0000 - 0x00007ff91dd47000 	C:\WINDOWS\System32\sechost.dll
0x00007ff91c000000 - 0x00007ff91c028000 	C:\WINDOWS\System32\bcrypt.dll
0x00007ff91cb00000 - 0x00007ff91cc14000 	C:\WINDOWS\System32\RPCRT4.dll
0x00007ff91c5f0000 - 0x00007ff91c661000 	C:\WINDOWS\System32\WS2_32.dll
0x00007ff91a900000 - 0x00007ff91a94d000 	C:\WINDOWS\SYSTEM32\POWRPROF.dll
0x00007ff916740000 - 0x00007ff91674a000 	C:\WINDOWS\SYSTEM32\VERSION.dll
0x00007ff916420000 - 0x00007ff916454000 	C:\WINDOWS\SYSTEM32\WINMM.dll
0x00007ff91a8e0000 - 0x00007ff91a8f3000 	C:\WINDOWS\SYSTEM32\UMPDC.dll
0x00007ff91aba0000 - 0x00007ff91abb8000 	C:\WINDOWS\SYSTEM32\kernel.appcore.dll
0x00007ff916f90000 - 0x00007ff916f9a000 	C:\Program Files\JetBrains\IntelliJ IDEA 2024.2.3\jbr\bin\jimage.dll
0x00007ff9190f0000 - 0x00007ff919322000 	C:\WINDOWS\SYSTEM32\DBGHELP.DLL
0x00007ff91d660000 - 0x00007ff91d9ef000 	C:\WINDOWS\System32\combase.dll
0x00007ff91c8c0000 - 0x00007ff91c997000 	C:\WINDOWS\System32\OLEAUT32.dll
0x00007ff904780000 - 0x00007ff9047b2000 	C:\WINDOWS\SYSTEM32\dbgcore.DLL
0x00007ff91bf80000 - 0x00007ff91bffb000 	C:\WINDOWS\System32\bcryptPrimitives.dll
0x00007ff916680000 - 0x00007ff91669f000 	C:\Program Files\JetBrains\IntelliJ IDEA 2024.2.3\jbr\bin\java.dll
0x00007ff916630000 - 0x00007ff916648000 	C:\Program Files\JetBrains\IntelliJ IDEA 2024.2.3\jbr\bin\zip.dll
0x00007ff91deb0000 - 0x00007ff91e726000 	C:\WINDOWS\System32\SHELL32.dll
0x00007ff9199b0000 - 0x00007ff91a2b3000 	C:\WINDOWS\SYSTEM32\windows.storage.dll
0x00007ff919870000 - 0x00007ff9199af000 	C:\WINDOWS\SYSTEM32\wintypes.dll
0x00007ff91d300000 - 0x00007ff91d3f9000 	C:\WINDOWS\System32\SHCORE.dll
0x00007ff91dc40000 - 0x00007ff91dc9e000 	C:\WINDOWS\System32\shlwapi.dll
0x00007ff91b9a0000 - 0x00007ff91b9cb000 	C:\WINDOWS\SYSTEM32\profapi.dll
0x00007ff9168e0000 - 0x00007ff9168f0000 	C:\Program Files\JetBrains\IntelliJ IDEA 2024.2.3\jbr\bin\net.dll
0x00007ff915f40000 - 0x00007ff916076000 	C:\WINDOWS\SYSTEM32\WINHTTP.dll
0x00007ff91b020000 - 0x00007ff91b089000 	C:\WINDOWS\system32\mswsock.dll
0x00007ff903020000 - 0x00007ff903036000 	C:\Program Files\JetBrains\IntelliJ IDEA 2024.2.3\jbr\bin\nio.dll
0x00007ff91a520000 - 0x00007ff91a54d000 	C:\WINDOWS\SYSTEM32\IPHLPAPI.DLL
0x00007ff91d400000 - 0x00007ff91d409000 	C:\WINDOWS\System32\NSI.dll
0x00007ff91b270000 - 0x00007ff91b28b000 	C:\WINDOWS\SYSTEM32\CRYPTSP.dll
0x00007ff91ab00000 - 0x00007ff91ab35000 	C:\WINDOWS\system32\rsaenh.dll
0x00007ff91b110000 - 0x00007ff91b138000 	C:\WINDOWS\SYSTEM32\USERENV.dll
0x00007ff91b290000 - 0x00007ff91b29c000 	C:\WINDOWS\SYSTEM32\CRYPTBASE.dll
0x00007ff906e30000 - 0x00007ff906e39000 	C:\Program Files\JetBrains\IntelliJ IDEA 2024.2.3\jbr\bin\extnet.dll
0x00007ff8fb030000 - 0x00007ff8fb037000 	C:\Program Files\JetBrains\IntelliJ IDEA 2024.2.3\jbr\bin\rmi.dll
0x00007ff91a590000 - 0x00007ff91a692000 	C:\WINDOWS\SYSTEM32\DNSAPI.dll
0x00007ff911a80000 - 0x00007ff911a8a000 	C:\Windows\System32\rasadhlp.dll
0x00007ff9139c0000 - 0x00007ff913a43000 	C:\WINDOWS\System32\fwpuclnt.dll
0x00007ff90b460000 - 0x00007ff90b46e000 	C:\Program Files\JetBrains\IntelliJ IDEA 2024.2.3\jbr\bin\sunmscapi.dll
0x00007ff91c140000 - 0x00007ff91c2a6000 	C:\WINDOWS\System32\CRYPT32.dll
0x00007ff91b410000 - 0x00007ff91b43d000 	C:\WINDOWS\SYSTEM32\ncrypt.dll
0x00007ff91b3d0000 - 0x00007ff91b407000 	C:\WINDOWS\SYSTEM32\NTASN1.dll

dbghelp: loaded successfully - version: 4.0.5 - missing functions: none
symbol engine: initialized successfully - sym options: 0x614 - pdb path: .;C:\Program Files\JetBrains\IntelliJ IDEA 2024.2.3\jbr\bin;C:\WINDOWS\SYSTEM32;C:\WINDOWS\WinSxS\amd64_microsoft.windows.common-controls_6595b64144ccf1df_6.0.22621.4391_none_2715d37f73803e96;C:\Program Files\JetBrains\IntelliJ IDEA 2024.2.3\jbr\bin\server

VM Arguments:
jvm_args: -Djava.rmi.server.hostname=127.0.0.1 -Duser.timezone=UTC -Xmx2048m -Xms128m -Djdbc.classpath=C:\Users\Acer\AppData\Local\Temp\RemoteDriver1.classpath.txt --add-exports=java.desktop/sun.awt=ALL-UNNAMED --add-exports=java.desktop/java.awt.peer=ALL-UNNAMED --add-opens=java.desktop/java.awt=ALL-UNNAMED --add-opens=jdk.unsupported/sun.misc=ALL-UNNAMED --add-opens=java.base/java.nio=ALL-UNNAMED --add-opens=java.base/java.util=ALL-UNNAMED -Dfile.encoding=UTF-8 -Dsun.stdout.encoding=UTF-8 -Dsun.stderr.encoding=UTF-8 
java_command: com.intellij.database.remote.RemoteJdbcServer com.mysql.cj.jdbc.Driver
java_class_path (initial): C:\Program Files\JetBrains\IntelliJ IDEA 2024.2.3\lib\util_rt.jar;C:\Program Files\JetBrains\IntelliJ IDEA 2024.2.3\lib\util-8.jar;C:\Program Files\JetBrains\IntelliJ IDEA 2024.2.3\lib\groovy.jar;C:\Program Files\JetBrains\IntelliJ IDEA 2024.2.3\plugins\DatabaseTools\lib\jdbc-console.jar;C:\Program Files\JetBrains\IntelliJ IDEA 2024.2.3\plugins\grid-core-impl\lib\jdbc-console-types.jar;C:\Program Files\JetBrains\IntelliJ IDEA 2024.2.3\lib\util.jar;C:\Program Files\JetBrains\IntelliJ IDEA 2024.2.3\lib\bouncy-castle.jar
Launcher Type: SUN_STANDARD

[Global flags]
     bool UseCompressedOops                        = true                           {product lp64_product} {ergonomic}
     bool UseLargePagesIndividualAllocation        = false                                  {pd product} {ergonomic}
     intx CICompilerCount                          = 12                                        {product} {ergonomic}
   size_t MinHeapDeltaBytes                        = 1048576                                   {product} {ergonomic}
     bool SegmentedCodeCache                       = true                                      {product} {ergonomic}
    uintx ReservedCodeCacheSize                    = 251658240                              {pd product} {ergonomic}
    uintx NonProfiledCodeHeapSize                  = 122027880                              {pd product} {ergonomic}
    uintx ProfiledCodeHeapSize                     = 122027880                              {pd product} {ergonomic}
    uintx NonNMethodCodeHeapSize                   = 7602480                                {pd product} {ergonomic}
   size_t G1HeapRegionSize                         = 1048576                                   {product} {ergonomic}
     uint G1ConcRefinementThreads                  = 13                                        {product} {ergonomic}
     bool UseG1GC                                  = true                                      {product} {ergonomic}
     uint ConcGCThreads                            = 3                                         {product} {ergonomic}
   size_t MarkStackSize                            = 4194304                                   {product} {ergonomic}
   size_t MinHeapSize                              = 134217728                                 {product} {command line}
   size_t InitialHeapSize                          = 134217728                                 {product} {command line}
   size_t MaxHeapSize                              = 2147483648                                {product} {command line}
   size_t SoftMaxHeapSize                          = 2147483648                             {manageable} {ergonomic}
   size_t MaxNewSize                               = 1287651328                                {product} {ergonomic}
    uintx GCDrainStackTargetSize                   = 64                                        {product} {ergonomic}

Logging:
Log output configuration:
 #0: stdout all=warning uptime,level,tags foldmultilines=false
 #1: stderr all=off uptime,level,tags foldmultilines=false

Environment Variables:
PATH=C:\Program Files\Common Files\Oracle\Java\javapath;C:\Windows\system32;C:\Windows;C:\Windows\System32\Wbem;C:\Windows\System32\WindowsPowerShell\v1.0\;C:\Windows\System32\OpenSSH\;C:\Program Files (x86)\NVIDIA Corporation\PhysX\Common;C:\Program Files\NVIDIA Corporation\NVIDIA NvDLISR;C:\WINDOWS\system32;C:\WINDOWS;C:\WINDOWS\System32\Wbem;C:\WINDOWS\System32\WindowsPowerShell\v1.0\;C:\WINDOWS\System32\OpenSSH\;C:\Program Files\Git\cmd;C:\Users\Acer\AppData\Local\Microsoft\WindowsApps;;C:\Users\Acer\AppData\bin;C:\Program Files (x86)\IntelliJ IDEA 2023.3.4\bin;
USERNAME=Acer
OS=Windows_NT
PROCESSOR_IDENTIFIER=Intel64 Family 6 Model 165 Stepping 2, GenuineIntel
TMP=C:\Users\Acer\AppData\Local\Temp
TEMP=C:\Users\Acer\AppData\Local\Temp




Periodic native trim disabled

JNI global refs:
JNI global refs: 25, weak refs: 0

JNI global refs memory usage: 835, weak refs: 833

Process memory usage:
Resident Set Size: 18756K (0% of 8215604K total physical memory with 807552K free physical memory)

OOME stack traces (most recent first):
Classloader memory used:
Loader bootstrap                                                                       : 22013K
Loader jdk.internal.loader.ClassLoaders$AppClassLoader                                 : 3475K
Loader com.intellij.database.remote.jdbc.impl.JdbcClassLoader$JdbcClassLoaderImpl      : 2965K
Loader jdk.internal.loader.ClassLoaders$PlatformClassLoader                            : 765K
Loader jdk.internal.reflect.DelegatingClassLoader                                      : 164K
Loader com.intellij.database.remote.jdbc.impl.JdbcClassLoader$1                        : 6904B

---------------  S Y S T E M  ---------------

OS:
 Windows 11 , 64 bit Build 22621 (10.0.22621.4391)
OS uptime: 14 days 21:13 hours

CPU: total 16 (initial active 16) (8 cores per cpu, 2 threads per core) family 6 model 165 stepping 2 microcode 0xe2, cx8, cmov, fxsr, ht, mmx, 3dnowpref, sse, sse2, sse3, ssse3, sse4.1, sse4.2, popcnt, lzcnt, tsc, tscinvbit, avx, avx2, aes, erms, clmul, bmi1, bmi2, adx, fma, vzeroupper, clflush, clflushopt, rdtscp, f16c, pku
Processor Information for all 16 processors :
  Max Mhz: 2208, Current Mhz: 2208, Mhz Limit: 2208

Memory: 4k page, system-wide physical 8023M (781M free)
TotalPageFile size 24407M (AvailPageFile size 0M)
current process WorkingSet (physical memory assigned to process): 26M, peak: 146M
current process commit charge ("private bytes"): 259M, peak: 282M

vm_info: OpenJDK 64-Bit Server VM (21.0.4+13-b509.17) for windows-amd64 JRE (21.0.4+13-b509.17), built on 2024-09-04 by "builduser" with MS VC++ 16.10 / 16.11 (VS2019)

END.
